{"/Users/grace/Desktop/collabr/app/api/applications/route.ts": {"path":"/Users/grace/Desktop/collabr/app/api/applications/route.ts","statementMap":{"0":{"start":{"line":6,"column":26},"end":{"line":12,"column":null}},"1":{"start":{"line":15,"column":8},"end":{"line":15,"column":null}},"2":{"start":{"line":16,"column":29},"end":{"line":16,"column":null}},"3":{"start":{"line":17,"column":2},"end":{"line":17,"column":null}},"4":{"start":{"line":17,"column":13},"end":{"line":17,"column":null}},"5":{"start":{"line":20,"column":2},"end":{"line":25,"column":null}},"6":{"start":{"line":21,"column":4},"end":{"line":24,"column":null}},"7":{"start":{"line":27,"column":28},"end":{"line":28,"column":null}},"8":{"start":{"line":29,"column":2},"end":{"line":29,"column":null}},"9":{"start":{"line":29,"column":16},"end":{"line":29,"column":null}},"10":{"start":{"line":32,"column":2},"end":{"line":37,"column":null}},"11":{"start":{"line":33,"column":4},"end":{"line":36,"column":null}},"12":{"start":{"line":40,"column":2},"end":{"line":44,"column":null}},"13":{"start":{"line":41,"column":4},"end":{"line":41,"column":null}},"14":{"start":{"line":43,"column":4},"end":{"line":43,"column":null}},"15":{"start":{"line":45,"column":17},"end":{"line":45,"column":null}},"16":{"start":{"line":46,"column":2},"end":{"line":49,"column":null}},"17":{"start":{"line":47,"column":18},"end":{"line":47,"column":null}},"18":{"start":{"line":48,"column":4},"end":{"line":48,"column":null}},"19":{"start":{"line":50,"column":15},"end":{"line":50,"column":null}},"20":{"start":{"line":51,"column":20},"end":{"line":51,"column":null}},"21":{"start":{"line":52,"column":8},"end":{"line":52,"column":null}},"22":{"start":{"line":55,"column":29},"end":{"line":57,"column":null}},"23":{"start":{"line":58,"column":2},"end":{"line":60,"column":null}},"24":{"start":{"line":59,"column":4},"end":{"line":59,"column":null}},"25":{"start":{"line":61,"column":2},"end":{"line":66,"column":null}},"26":{"start":{"line":62,"column":4},"end":{"line":65,"column":null}},"27":{"start":{"line":68,"column":2},"end":{"line":73,"column":null}},"28":{"start":{"line":69,"column":4},"end":{"line":72,"column":null}},"29":{"start":{"line":76,"column":21},"end":{"line":76,"column":null}},"30":{"start":{"line":77,"column":33},"end":{"line":80,"column":null}},"31":{"start":{"line":81,"column":2},"end":{"line":86,"column":null}},"32":{"start":{"line":82,"column":4},"end":{"line":85,"column":null}},"33":{"start":{"line":88,"column":26},"end":{"line":94,"column":null}},"34":{"start":{"line":96,"column":2},"end":{"line":105,"column":null}},"35":{"start":{"line":97,"column":4},"end":{"line":99,"column":null}},"36":{"start":{"line":98,"column":6},"end":{"line":98,"column":null}},"37":{"start":{"line":100,"column":4},"end":{"line":100,"column":null}},"38":{"start":{"line":101,"column":4},"end":{"line":104,"column":null}},"39":{"start":{"line":108,"column":23},"end":{"line":108,"column":null}},"40":{"start":{"line":109,"column":2},"end":{"line":117,"column":null}},"41":{"start":{"line":110,"column":4},"end":{"line":116,"column":null}},"42":{"start":{"line":119,"column":2},"end":{"line":119,"column":null}}},"fnMap":{"0":{"name":"POST","decl":{"start":{"line":14,"column":22},"end":{"line":14,"column":27}},"loc":{"start":{"line":14,"column":45},"end":{"line":120,"column":null}},"line":14}},"branchMap":{"0":{"loc":{"start":{"line":17,"column":2},"end":{"line":17,"column":null}},"type":"if","locations":[{"start":{"line":17,"column":2},"end":{"line":17,"column":null}},{"start":{},"end":{}}],"line":17},"1":{"loc":{"start":{"line":20,"column":2},"end":{"line":25,"column":null}},"type":"if","locations":[{"start":{"line":20,"column":2},"end":{"line":25,"column":null}},{"start":{},"end":{}}],"line":20},"2":{"loc":{"start":{"line":29,"column":2},"end":{"line":29,"column":null}},"type":"if","locations":[{"start":{"line":29,"column":2},"end":{"line":29,"column":null}},{"start":{},"end":{}}],"line":29},"3":{"loc":{"start":{"line":32,"column":2},"end":{"line":37,"column":null}},"type":"if","locations":[{"start":{"line":32,"column":2},"end":{"line":37,"column":null}},{"start":{},"end":{}}],"line":32},"4":{"loc":{"start":{"line":46,"column":2},"end":{"line":49,"column":null}},"type":"if","locations":[{"start":{"line":46,"column":2},"end":{"line":49,"column":null}},{"start":{},"end":{}}],"line":46},"5":{"loc":{"start":{"line":48,"column":38},"end":{"line":48,"column":72}},"type":"binary-expr","locations":[{"start":{"line":48,"column":38},"end":{"line":48,"column":56}},{"start":{"line":48,"column":56},"end":{"line":48,"column":72}}],"line":48},"6":{"loc":{"start":{"line":51,"column":20},"end":{"line":51,"column":null}},"type":"binary-expr","locations":[{"start":{"line":51,"column":20},"end":{"line":51,"column":50}},{"start":{"line":51,"column":50},"end":{"line":51,"column":null}}],"line":51},"7":{"loc":{"start":{"line":58,"column":2},"end":{"line":60,"column":null}},"type":"if","locations":[{"start":{"line":58,"column":2},"end":{"line":60,"column":null}},{"start":{},"end":{}}],"line":58},"8":{"loc":{"start":{"line":61,"column":2},"end":{"line":66,"column":null}},"type":"if","locations":[{"start":{"line":61,"column":2},"end":{"line":66,"column":null}},{"start":{},"end":{}}],"line":61},"9":{"loc":{"start":{"line":68,"column":2},"end":{"line":73,"column":null}},"type":"if","locations":[{"start":{"line":68,"column":2},"end":{"line":73,"column":null}},{"start":{},"end":{}}],"line":68},"10":{"loc":{"start":{"line":68,"column":6},"end":{"line":68,"column":61}},"type":"binary-expr","locations":[{"start":{"line":68,"column":6},"end":{"line":68,"column":41}},{"start":{"line":68,"column":41},"end":{"line":68,"column":61}}],"line":68},"11":{"loc":{"start":{"line":81,"column":2},"end":{"line":86,"column":null}},"type":"if","locations":[{"start":{"line":81,"column":2},"end":{"line":86,"column":null}},{"start":{},"end":{}}],"line":81},"12":{"loc":{"start":{"line":81,"column":7},"end":{"line":81,"column":28}},"type":"binary-expr","locations":[{"start":{"line":81,"column":7},"end":{"line":81,"column":22}},{"start":{"line":81,"column":22},"end":{"line":81,"column":28}}],"line":81},"13":{"loc":{"start":{"line":92,"column":19},"end":{"line":92,"column":null}},"type":"binary-expr","locations":[{"start":{"line":92,"column":19},"end":{"line":92,"column":41}},{"start":{"line":92,"column":41},"end":{"line":92,"column":null}}],"line":92},"14":{"loc":{"start":{"line":96,"column":2},"end":{"line":105,"column":null}},"type":"if","locations":[{"start":{"line":96,"column":2},"end":{"line":105,"column":null}},{"start":{},"end":{}}],"line":96},"15":{"loc":{"start":{"line":97,"column":4},"end":{"line":99,"column":null}},"type":"if","locations":[{"start":{"line":97,"column":4},"end":{"line":99,"column":null}},{"start":{},"end":{}}],"line":97},"16":{"loc":{"start":{"line":109,"column":2},"end":{"line":117,"column":null}},"type":"if","locations":[{"start":{"line":109,"column":2},"end":{"line":117,"column":null}},{"start":{},"end":{}}],"line":109},"17":{"loc":{"start":{"line":113,"column":37},"end":{"line":113,"column":71}},"type":"binary-expr","locations":[{"start":{"line":113,"column":37},"end":{"line":113,"column":55}},{"start":{"line":113,"column":55},"end":{"line":113,"column":71}}],"line":113}},"s":{"0":1,"1":10,"2":10,"3":10,"4":1,"5":9,"6":1,"7":8,"8":8,"9":0,"10":8,"11":1,"12":7,"13":7,"14":0,"15":7,"16":7,"17":2,"18":2,"19":5,"20":5,"21":10,"22":10,"23":5,"24":1,"25":4,"26":1,"27":3,"28":1,"29":2,"30":2,"31":2,"32":1,"33":1,"34":1,"35":1,"36":1,"37":0,"38":0,"39":0,"40":10,"41":0,"42":0},"f":{"0":10},"b":{"0":[1,9],"1":[1,8],"2":[0,8],"3":[1,7],"4":[2,5],"5":[2,0],"6":[5,0],"7":[1,4],"8":[1,3],"9":[1,2],"10":[3,1],"11":[1,1],"12":[2,1],"13":[1,1],"14":[1,0],"15":[1,0],"16":[0,10],"17":[0,0]},"meta":{"lastBranch":18,"lastFunction":1,"lastStatement":43,"seen":{"s:6:26:12:Infinity":0,"f:14:22:14:27":0,"s:15:8:15:Infinity":1,"s:16:29:16:Infinity":2,"b:17:2:17:Infinity:undefined:undefined:undefined:undefined":0,"s:17:2:17:Infinity":3,"s:17:13:17:Infinity":4,"b:20:2:25:Infinity:undefined:undefined:undefined:undefined":1,"s:20:2:25:Infinity":5,"s:21:4:24:Infinity":6,"s:27:28:28:Infinity":7,"b:29:2:29:Infinity:undefined:undefined:undefined:undefined":2,"s:29:2:29:Infinity":8,"s:29:16:29:Infinity":9,"b:32:2:37:Infinity:undefined:undefined:undefined:undefined":3,"s:32:2:37:Infinity":10,"s:33:4:36:Infinity":11,"s:40:2:44:Infinity":12,"s:41:4:41:Infinity":13,"s:43:4:43:Infinity":14,"s:45:17:45:Infinity":15,"b:46:2:49:Infinity:undefined:undefined:undefined:undefined":4,"s:46:2:49:Infinity":16,"s:47:18:47:Infinity":17,"s:48:4:48:Infinity":18,"b:48:38:48:56:48:56:48:72":5,"s:50:15:50:Infinity":19,"s:51:20:51:Infinity":20,"b:51:20:51:50:51:50:51:Infinity":6,"s:52:8:52:Infinity":21,"s:55:29:57:Infinity":22,"b:58:2:60:Infinity:undefined:undefined:undefined:undefined":7,"s:58:2:60:Infinity":23,"s:59:4:59:Infinity":24,"b:61:2:66:Infinity:undefined:undefined:undefined:undefined":8,"s:61:2:66:Infinity":25,"s:62:4:65:Infinity":26,"b:68:2:73:Infinity:undefined:undefined:undefined:undefined":9,"s:68:2:73:Infinity":27,"b:68:6:68:41:68:41:68:61":10,"s:69:4:72:Infinity":28,"s:76:21:76:Infinity":29,"s:77:33:80:Infinity":30,"b:81:2:86:Infinity:undefined:undefined:undefined:undefined":11,"s:81:2:86:Infinity":31,"b:81:7:81:22:81:22:81:28":12,"s:82:4:85:Infinity":32,"s:88:26:94:Infinity":33,"b:92:19:92:41:92:41:92:Infinity":13,"b:96:2:105:Infinity:undefined:undefined:undefined:undefined":14,"s:96:2:105:Infinity":34,"b:97:4:99:Infinity:undefined:undefined:undefined:undefined":15,"s:97:4:99:Infinity":35,"s:98:6:98:Infinity":36,"s:100:4:100:Infinity":37,"s:101:4:104:Infinity":38,"s:108:23:108:Infinity":39,"b:109:2:117:Infinity:undefined:undefined:undefined:undefined":16,"s:109:2:117:Infinity":40,"s:110:4:116:Infinity":41,"b:113:37:113:55:113:55:113:71":17,"s:119:2:119:Infinity":42},"fnNames":{}}}
,"/Users/grace/Desktop/collabr/app/api/campaigns/route.ts": {"path":"/Users/grace/Desktop/collabr/app/api/campaigns/route.ts","statementMap":{"0":{"start":{"line":6,"column":8},"end":{"line":6,"column":null}},"1":{"start":{"line":7,"column":27},"end":{"line":7,"column":null}},"2":{"start":{"line":8,"column":16},"end":{"line":8,"column":null}},"3":{"start":{"line":9,"column":15},"end":{"line":9,"column":null}},"4":{"start":{"line":10,"column":23},"end":{"line":10,"column":null}},"5":{"start":{"line":12,"column":14},"end":{"line":16,"column":null}},"6":{"start":{"line":18,"column":2},"end":{"line":18,"column":null}},"7":{"start":{"line":18,"column":13},"end":{"line":18,"column":null}},"8":{"start":{"line":19,"column":2},"end":{"line":19,"column":null}},"9":{"start":{"line":19,"column":12},"end":{"line":19,"column":null}},"10":{"start":{"line":20,"column":2},"end":{"line":20,"column":null}},"11":{"start":{"line":20,"column":20},"end":{"line":20,"column":null}},"12":{"start":{"line":22,"column":26},"end":{"line":22,"column":null}},"13":{"start":{"line":23,"column":2},"end":{"line":23,"column":null}},"14":{"start":{"line":23,"column":13},"end":{"line":23,"column":null}},"15":{"start":{"line":24,"column":2},"end":{"line":24,"column":null}},"16":{"start":{"line":28,"column":8},"end":{"line":28,"column":null}},"17":{"start":{"line":29,"column":29},"end":{"line":29,"column":null}},"18":{"start":{"line":30,"column":2},"end":{"line":30,"column":null}},"19":{"start":{"line":30,"column":13},"end":{"line":30,"column":null}},"20":{"start":{"line":33,"column":2},"end":{"line":38,"column":null}},"21":{"start":{"line":34,"column":4},"end":{"line":37,"column":null}},"22":{"start":{"line":41,"column":26},"end":{"line":42,"column":null}},"23":{"start":{"line":43,"column":2},"end":{"line":43,"column":null}},"24":{"start":{"line":43,"column":14},"end":{"line":43,"column":null}},"25":{"start":{"line":46,"column":2},"end":{"line":51,"column":null}},"26":{"start":{"line":47,"column":4},"end":{"line":50,"column":null}},"27":{"start":{"line":54,"column":8},"end":{"line":54,"column":null}},"28":{"start":{"line":57,"column":2},"end":{"line":64,"column":null}},"29":{"start":{"line":58,"column":22},"end":{"line":59,"column":null}},"30":{"start":{"line":60,"column":4},"end":{"line":63,"column":null}},"31":{"start":{"line":60,"column":27},"end":{"line":63,"column":null}},"32":{"start":{"line":66,"column":15},"end":{"line":66,"column":null}},"33":{"start":{"line":69,"column":2},"end":{"line":72,"column":null}},"34":{"start":{"line":70,"column":10},"end":{"line":70,"column":null}},"35":{"start":{"line":71,"column":4},"end":{"line":71,"column":null}},"36":{"start":{"line":71,"column":14},"end":{"line":71,"column":null}},"37":{"start":{"line":73,"column":8},"end":{"line":73,"column":null}},"38":{"start":{"line":74,"column":26},"end":{"line":88,"column":null}},"39":{"start":{"line":90,"column":2},"end":{"line":90,"column":null}},"40":{"start":{"line":90,"column":13},"end":{"line":90,"column":null}},"41":{"start":{"line":91,"column":2},"end":{"line":91,"column":null}}},"fnMap":{"0":{"name":"GET","decl":{"start":{"line":5,"column":22},"end":{"line":5,"column":26}},"loc":{"start":{"line":5,"column":44},"end":{"line":25,"column":null}},"line":5},"1":{"name":"POST","decl":{"start":{"line":27,"column":22},"end":{"line":27,"column":27}},"loc":{"start":{"line":27,"column":45},"end":{"line":92,"column":null}},"line":27}},"branchMap":{"0":{"loc":{"start":{"line":18,"column":2},"end":{"line":18,"column":null}},"type":"if","locations":[{"start":{"line":18,"column":2},"end":{"line":18,"column":null}},{"start":{},"end":{}}],"line":18},"1":{"loc":{"start":{"line":19,"column":2},"end":{"line":19,"column":null}},"type":"if","locations":[{"start":{"line":19,"column":2},"end":{"line":19,"column":null}},{"start":{},"end":{}}],"line":19},"2":{"loc":{"start":{"line":20,"column":2},"end":{"line":20,"column":null}},"type":"if","locations":[{"start":{"line":20,"column":2},"end":{"line":20,"column":null}},{"start":{},"end":{}}],"line":20},"3":{"loc":{"start":{"line":23,"column":2},"end":{"line":23,"column":null}},"type":"if","locations":[{"start":{"line":23,"column":2},"end":{"line":23,"column":null}},{"start":{},"end":{}}],"line":23},"4":{"loc":{"start":{"line":30,"column":2},"end":{"line":30,"column":null}},"type":"if","locations":[{"start":{"line":30,"column":2},"end":{"line":30,"column":null}},{"start":{},"end":{}}],"line":30},"5":{"loc":{"start":{"line":33,"column":2},"end":{"line":38,"column":null}},"type":"if","locations":[{"start":{"line":33,"column":2},"end":{"line":38,"column":null}},{"start":{},"end":{}}],"line":33},"6":{"loc":{"start":{"line":43,"column":2},"end":{"line":43,"column":null}},"type":"if","locations":[{"start":{"line":43,"column":2},"end":{"line":43,"column":null}},{"start":{},"end":{}}],"line":43},"7":{"loc":{"start":{"line":46,"column":2},"end":{"line":51,"column":null}},"type":"if","locations":[{"start":{"line":46,"column":2},"end":{"line":51,"column":null}},{"start":{},"end":{}}],"line":46},"8":{"loc":{"start":{"line":57,"column":2},"end":{"line":64,"column":null}},"type":"if","locations":[{"start":{"line":57,"column":2},"end":{"line":64,"column":null}},{"start":{},"end":{}}],"line":57},"9":{"loc":{"start":{"line":60,"column":4},"end":{"line":63,"column":null}},"type":"if","locations":[{"start":{"line":60,"column":4},"end":{"line":63,"column":null}},{"start":{},"end":{}}],"line":60},"10":{"loc":{"start":{"line":60,"column":9},"end":{"line":60,"column":24}},"type":"binary-expr","locations":[{"start":{"line":60,"column":9},"end":{"line":60,"column":18}},{"start":{"line":60,"column":18},"end":{"line":60,"column":24}}],"line":60},"11":{"loc":{"start":{"line":69,"column":2},"end":{"line":72,"column":null}},"type":"if","locations":[{"start":{"line":69,"column":2},"end":{"line":72,"column":null}},{"start":{},"end":{}}],"line":69},"12":{"loc":{"start":{"line":71,"column":4},"end":{"line":71,"column":null}},"type":"if","locations":[{"start":{"line":71,"column":4},"end":{"line":71,"column":null}},{"start":{},"end":{}}],"line":71},"13":{"loc":{"start":{"line":78,"column":23},"end":{"line":78,"column":null}},"type":"binary-expr","locations":[{"start":{"line":78,"column":23},"end":{"line":78,"column":49}},{"start":{"line":78,"column":49},"end":{"line":78,"column":null}}],"line":78},"14":{"loc":{"start":{"line":80,"column":16},"end":{"line":80,"column":null}},"type":"binary-expr","locations":[{"start":{"line":80,"column":16},"end":{"line":80,"column":35}},{"start":{"line":80,"column":35},"end":{"line":80,"column":null}}],"line":80},"15":{"loc":{"start":{"line":81,"column":16},"end":{"line":81,"column":null}},"type":"binary-expr","locations":[{"start":{"line":81,"column":16},"end":{"line":81,"column":35}},{"start":{"line":81,"column":35},"end":{"line":81,"column":null}}],"line":81},"16":{"loc":{"start":{"line":82,"column":19},"end":{"line":82,"column":null}},"type":"binary-expr","locations":[{"start":{"line":82,"column":19},"end":{"line":82,"column":41}},{"start":{"line":82,"column":41},"end":{"line":82,"column":null}}],"line":82},"17":{"loc":{"start":{"line":83,"column":16},"end":{"line":83,"column":null}},"type":"binary-expr","locations":[{"start":{"line":83,"column":16},"end":{"line":83,"column":35}},{"start":{"line":83,"column":35},"end":{"line":83,"column":null}}],"line":83},"18":{"loc":{"start":{"line":84,"column":19},"end":{"line":84,"column":null}},"type":"binary-expr","locations":[{"start":{"line":84,"column":19},"end":{"line":84,"column":41}},{"start":{"line":84,"column":41},"end":{"line":84,"column":null}}],"line":84},"19":{"loc":{"start":{"line":85,"column":21},"end":{"line":85,"column":null}},"type":"binary-expr","locations":[{"start":{"line":85,"column":21},"end":{"line":85,"column":45}},{"start":{"line":85,"column":45},"end":{"line":85,"column":null}}],"line":85},"20":{"loc":{"start":{"line":86,"column":14},"end":{"line":86,"column":null}},"type":"binary-expr","locations":[{"start":{"line":86,"column":14},"end":{"line":86,"column":31}},{"start":{"line":86,"column":31},"end":{"line":86,"column":null}}],"line":86},"21":{"loc":{"start":{"line":90,"column":2},"end":{"line":90,"column":null}},"type":"if","locations":[{"start":{"line":90,"column":2},"end":{"line":90,"column":null}},{"start":{},"end":{}}],"line":90}},"s":{"0":0,"1":0,"2":0,"3":0,"4":0,"5":0,"6":0,"7":0,"8":0,"9":0,"10":0,"11":0,"12":0,"13":0,"14":0,"15":0,"16":1,"17":1,"18":1,"19":0,"20":1,"21":0,"22":1,"23":1,"24":0,"25":1,"26":0,"27":1,"28":1,"29":1,"30":1,"31":0,"32":1,"33":1,"34":1,"35":1,"36":1,"37":0,"38":0,"39":0,"40":0,"41":0},"f":{"0":0,"1":1},"b":{"0":[0,0],"1":[0,0],"2":[0,0],"3":[0,0],"4":[0,1],"5":[0,1],"6":[0,1],"7":[0,1],"8":[1,0],"9":[0,1],"10":[1,1],"11":[1,0],"12":[1,0],"13":[0,0],"14":[1,0],"15":[1,0],"16":[1,0],"17":[1,0],"18":[1,0],"19":[1,0],"20":[1,0],"21":[0,0]},"meta":{"lastBranch":22,"lastFunction":2,"lastStatement":42,"seen":{"f:5:22:5:26":0,"s:6:8:6:Infinity":0,"s:7:27:7:Infinity":1,"s:8:16:8:Infinity":2,"s:9:15:9:Infinity":3,"s:10:23:10:Infinity":4,"s:12:14:16:Infinity":5,"b:18:2:18:Infinity:undefined:undefined:undefined:undefined":0,"s:18:2:18:Infinity":6,"s:18:13:18:Infinity":7,"b:19:2:19:Infinity:undefined:undefined:undefined:undefined":1,"s:19:2:19:Infinity":8,"s:19:12:19:Infinity":9,"b:20:2:20:Infinity:undefined:undefined:undefined:undefined":2,"s:20:2:20:Infinity":10,"s:20:20:20:Infinity":11,"s:22:26:22:Infinity":12,"b:23:2:23:Infinity:undefined:undefined:undefined:undefined":3,"s:23:2:23:Infinity":13,"s:23:13:23:Infinity":14,"s:24:2:24:Infinity":15,"f:27:22:27:27":1,"s:28:8:28:Infinity":16,"s:29:29:29:Infinity":17,"b:30:2:30:Infinity:undefined:undefined:undefined:undefined":4,"s:30:2:30:Infinity":18,"s:30:13:30:Infinity":19,"b:33:2:38:Infinity:undefined:undefined:undefined:undefined":5,"s:33:2:38:Infinity":20,"s:34:4:37:Infinity":21,"s:41:26:42:Infinity":22,"b:43:2:43:Infinity:undefined:undefined:undefined:undefined":6,"s:43:2:43:Infinity":23,"s:43:14:43:Infinity":24,"b:46:2:51:Infinity:undefined:undefined:undefined:undefined":7,"s:46:2:51:Infinity":25,"s:47:4:50:Infinity":26,"s:54:8:54:Infinity":27,"b:57:2:64:Infinity:undefined:undefined:undefined:undefined":8,"s:57:2:64:Infinity":28,"s:58:22:59:Infinity":29,"b:60:4:63:Infinity:undefined:undefined:undefined:undefined":9,"s:60:4:63:Infinity":30,"b:60:9:60:18:60:18:60:24":10,"s:60:27:63:Infinity":31,"s:66:15:66:Infinity":32,"b:69:2:72:Infinity:undefined:undefined:undefined:undefined":11,"s:69:2:72:Infinity":33,"s:70:10:70:Infinity":34,"b:71:4:71:Infinity:undefined:undefined:undefined:undefined":12,"s:71:4:71:Infinity":35,"s:71:14:71:Infinity":36,"s:73:8:73:Infinity":37,"s:74:26:88:Infinity":38,"b:78:23:78:49:78:49:78:Infinity":13,"b:80:16:80:35:80:35:80:Infinity":14,"b:81:16:81:35:81:35:81:Infinity":15,"b:82:19:82:41:82:41:82:Infinity":16,"b:83:16:83:35:83:35:83:Infinity":17,"b:84:19:84:41:84:41:84:Infinity":18,"b:85:21:85:45:85:45:85:Infinity":19,"b:86:14:86:31:86:31:86:Infinity":20,"b:90:2:90:Infinity:undefined:undefined:undefined:undefined":21,"s:90:2:90:Infinity":39,"s:90:13:90:Infinity":40,"s:91:2:91:Infinity":41},"fnNames":{}}}
,"/Users/grace/Desktop/collabr/app/api/campaigns/[id]/route.ts": {"path":"/Users/grace/Desktop/collabr/app/api/campaigns/[id]/route.ts","statementMap":{"0":{"start":{"line":6,"column":29},"end":{"line":7,"column":null}},"1":{"start":{"line":8,"column":2},"end":{"line":8,"column":null}},"2":{"start":{"line":8,"column":17},"end":{"line":8,"column":null}},"3":{"start":{"line":9,"column":2},"end":{"line":9,"column":null}},"4":{"start":{"line":9,"column":60},"end":{"line":9,"column":null}},"5":{"start":{"line":10,"column":2},"end":{"line":10,"column":null}},"6":{"start":{"line":14,"column":8},"end":{"line":14,"column":null}},"7":{"start":{"line":15,"column":26},"end":{"line":17,"column":null}},"8":{"start":{"line":18,"column":2},"end":{"line":18,"column":null}},"9":{"start":{"line":18,"column":22},"end":{"line":18,"column":null}},"10":{"start":{"line":19,"column":2},"end":{"line":19,"column":null}},"11":{"start":{"line":23,"column":8},"end":{"line":23,"column":null}},"12":{"start":{"line":24,"column":29},"end":{"line":24,"column":null}},"13":{"start":{"line":25,"column":2},"end":{"line":25,"column":null}},"14":{"start":{"line":25,"column":13},"end":{"line":25,"column":null}},"15":{"start":{"line":27,"column":38},"end":{"line":27,"column":null}},"16":{"start":{"line":28,"column":2},"end":{"line":28,"column":null}},"17":{"start":{"line":28,"column":13},"end":{"line":28,"column":null}},"18":{"start":{"line":30,"column":15},"end":{"line":30,"column":null}},"19":{"start":{"line":31,"column":18},"end":{"line":32,"column":null}},"20":{"start":{"line":33,"column":18},"end":{"line":33,"column":null}},"21":{"start":{"line":33,"column":74},"end":{"line":33,"column":93}},"22":{"start":{"line":38,"column":2},"end":{"line":43,"column":null}},"23":{"start":{"line":39,"column":4},"end":{"line":42,"column":null}},"24":{"start":{"line":46,"column":2},"end":{"line":51,"column":null}},"25":{"start":{"line":47,"column":32},"end":{"line":48,"column":null}},"26":{"start":{"line":49,"column":10},"end":{"line":49,"column":null}},"27":{"start":{"line":50,"column":4},"end":{"line":50,"column":null}},"28":{"start":{"line":50,"column":14},"end":{"line":50,"column":null}},"29":{"start":{"line":53,"column":8},"end":{"line":53,"column":null}},"30":{"start":{"line":54,"column":37},"end":{"line":55,"column":null}},"31":{"start":{"line":56,"column":2},"end":{"line":56,"column":null}},"32":{"start":{"line":56,"column":17},"end":{"line":56,"column":null}},"33":{"start":{"line":57,"column":2},"end":{"line":57,"column":null}},"34":{"start":{"line":61,"column":8},"end":{"line":61,"column":null}},"35":{"start":{"line":62,"column":29},"end":{"line":62,"column":null}},"36":{"start":{"line":63,"column":2},"end":{"line":63,"column":null}},"37":{"start":{"line":63,"column":13},"end":{"line":63,"column":null}},"38":{"start":{"line":65,"column":28},"end":{"line":65,"column":null}},"39":{"start":{"line":66,"column":2},"end":{"line":66,"column":null}},"40":{"start":{"line":66,"column":13},"end":{"line":66,"column":null}},"41":{"start":{"line":68,"column":8},"end":{"line":68,"column":null}},"42":{"start":{"line":69,"column":2},"end":{"line":69,"column":null}},"43":{"start":{"line":70,"column":2},"end":{"line":70,"column":null}}},"fnMap":{"0":{"name":"getAuthedBrand","decl":{"start":{"line":5,"column":15},"end":{"line":5,"column":30}},"loc":{"start":{"line":5,"column":109},"end":{"line":11,"column":null}},"line":5},"1":{"name":"GET","decl":{"start":{"line":13,"column":22},"end":{"line":13,"column":26}},"loc":{"start":{"line":13,"column":84},"end":{"line":20,"column":null}},"line":13},"2":{"name":"PATCH","decl":{"start":{"line":22,"column":22},"end":{"line":22,"column":28}},"loc":{"start":{"line":22,"column":86},"end":{"line":58,"column":null}},"line":22},"3":{"name":"(anonymous_3)","decl":{"start":{"line":33,"column":58},"end":{"line":33,"column":66}},"loc":{"start":{"line":33,"column":74},"end":{"line":33,"column":93}},"line":33},"4":{"name":"DELETE","decl":{"start":{"line":60,"column":22},"end":{"line":60,"column":29}},"loc":{"start":{"line":60,"column":87},"end":{"line":71,"column":null}},"line":60}},"branchMap":{"0":{"loc":{"start":{"line":8,"column":2},"end":{"line":8,"column":null}},"type":"if","locations":[{"start":{"line":8,"column":2},"end":{"line":8,"column":null}},{"start":{},"end":{}}],"line":8},"1":{"loc":{"start":{"line":9,"column":2},"end":{"line":9,"column":null}},"type":"if","locations":[{"start":{"line":9,"column":2},"end":{"line":9,"column":null}},{"start":{},"end":{}}],"line":9},"2":{"loc":{"start":{"line":18,"column":2},"end":{"line":18,"column":null}},"type":"if","locations":[{"start":{"line":18,"column":2},"end":{"line":18,"column":null}},{"start":{},"end":{}}],"line":18},"3":{"loc":{"start":{"line":18,"column":6},"end":{"line":18,"column":22}},"type":"binary-expr","locations":[{"start":{"line":18,"column":6},"end":{"line":18,"column":15}},{"start":{"line":18,"column":15},"end":{"line":18,"column":22}}],"line":18},"4":{"loc":{"start":{"line":25,"column":2},"end":{"line":25,"column":null}},"type":"if","locations":[{"start":{"line":25,"column":2},"end":{"line":25,"column":null}},{"start":{},"end":{}}],"line":25},"5":{"loc":{"start":{"line":28,"column":2},"end":{"line":28,"column":null}},"type":"if","locations":[{"start":{"line":28,"column":2},"end":{"line":28,"column":null}},{"start":{},"end":{}}],"line":28},"6":{"loc":{"start":{"line":38,"column":2},"end":{"line":43,"column":null}},"type":"if","locations":[{"start":{"line":38,"column":2},"end":{"line":43,"column":null}},{"start":{},"end":{}}],"line":38},"7":{"loc":{"start":{"line":38,"column":6},"end":{"line":38,"column":96}},"type":"binary-expr","locations":[{"start":{"line":38,"column":6},"end":{"line":38,"column":38}},{"start":{"line":38,"column":38},"end":{"line":38,"column":96}}],"line":38},"8":{"loc":{"start":{"line":46,"column":2},"end":{"line":51,"column":null}},"type":"if","locations":[{"start":{"line":46,"column":2},"end":{"line":51,"column":null}},{"start":{},"end":{}}],"line":46},"9":{"loc":{"start":{"line":50,"column":4},"end":{"line":50,"column":null}},"type":"if","locations":[{"start":{"line":50,"column":4},"end":{"line":50,"column":null}},{"start":{},"end":{}}],"line":50},"10":{"loc":{"start":{"line":56,"column":2},"end":{"line":56,"column":null}},"type":"if","locations":[{"start":{"line":56,"column":2},"end":{"line":56,"column":null}},{"start":{},"end":{}}],"line":56},"11":{"loc":{"start":{"line":63,"column":2},"end":{"line":63,"column":null}},"type":"if","locations":[{"start":{"line":63,"column":2},"end":{"line":63,"column":null}},{"start":{},"end":{}}],"line":63},"12":{"loc":{"start":{"line":66,"column":2},"end":{"line":66,"column":null}},"type":"if","locations":[{"start":{"line":66,"column":2},"end":{"line":66,"column":null}},{"start":{},"end":{}}],"line":66}},"s":{"0":3,"1":3,"2":0,"3":3,"4":1,"5":2,"6":0,"7":0,"8":0,"9":0,"10":0,"11":3,"12":3,"13":3,"14":0,"15":3,"16":3,"17":1,"18":2,"19":2,"20":2,"21":2,"22":2,"23":1,"24":1,"25":0,"26":0,"27":0,"28":0,"29":1,"30":1,"31":1,"32":0,"33":1,"34":0,"35":0,"36":0,"37":0,"38":0,"39":0,"40":0,"41":0,"42":0,"43":0},"f":{"0":3,"1":0,"2":3,"3":2,"4":0},"b":{"0":[0,3],"1":[1,2],"2":[0,0],"3":[0,0],"4":[0,3],"5":[1,2],"6":[1,1],"7":[2,2],"8":[0,1],"9":[0,0],"10":[0,1],"11":[0,0],"12":[0,0]},"meta":{"lastBranch":13,"lastFunction":5,"lastStatement":44,"seen":{"f:5:15:5:30":0,"s:6:29:7:Infinity":0,"b:8:2:8:Infinity:undefined:undefined:undefined:undefined":0,"s:8:2:8:Infinity":1,"s:8:17:8:Infinity":2,"b:9:2:9:Infinity:undefined:undefined:undefined:undefined":1,"s:9:2:9:Infinity":3,"s:9:60:9:Infinity":4,"s:10:2:10:Infinity":5,"f:13:22:13:26":1,"s:14:8:14:Infinity":6,"s:15:26:17:Infinity":7,"b:18:2:18:Infinity:undefined:undefined:undefined:undefined":2,"s:18:2:18:Infinity":8,"b:18:6:18:15:18:15:18:22":3,"s:18:22:18:Infinity":9,"s:19:2:19:Infinity":10,"f:22:22:22:28":2,"s:23:8:23:Infinity":11,"s:24:29:24:Infinity":12,"b:25:2:25:Infinity:undefined:undefined:undefined:undefined":4,"s:25:2:25:Infinity":13,"s:25:13:25:Infinity":14,"s:27:38:27:Infinity":15,"b:28:2:28:Infinity:undefined:undefined:undefined:undefined":5,"s:28:2:28:Infinity":16,"s:28:13:28:Infinity":17,"s:30:15:30:Infinity":18,"s:31:18:32:Infinity":19,"s:33:18:33:Infinity":20,"f:33:58:33:66":3,"s:33:74:33:93":21,"b:38:2:43:Infinity:undefined:undefined:undefined:undefined":6,"s:38:2:43:Infinity":22,"b:38:6:38:38:38:38:38:96":7,"s:39:4:42:Infinity":23,"b:46:2:51:Infinity:undefined:undefined:undefined:undefined":8,"s:46:2:51:Infinity":24,"s:47:32:48:Infinity":25,"s:49:10:49:Infinity":26,"b:50:4:50:Infinity:undefined:undefined:undefined:undefined":9,"s:50:4:50:Infinity":27,"s:50:14:50:Infinity":28,"s:53:8:53:Infinity":29,"s:54:37:55:Infinity":30,"b:56:2:56:Infinity:undefined:undefined:undefined:undefined":10,"s:56:2:56:Infinity":31,"s:56:17:56:Infinity":32,"s:57:2:57:Infinity":33,"f:60:22:60:29":4,"s:61:8:61:Infinity":34,"s:62:29:62:Infinity":35,"b:63:2:63:Infinity:undefined:undefined:undefined:undefined":11,"s:63:2:63:Infinity":36,"s:63:13:63:Infinity":37,"s:65:28:65:Infinity":38,"b:66:2:66:Infinity:undefined:undefined:undefined:undefined":12,"s:66:2:66:Infinity":39,"s:66:13:66:Infinity":40,"s:68:8:68:Infinity":41,"s:69:2:69:Infinity":42,"s:70:2:70:Infinity":43},"fnNames":{}}}
,"/Users/grace/Desktop/collabr/app/api/collabs/[id]/confirm-live/route.ts": {"path":"/Users/grace/Desktop/collabr/app/api/collabs/[id]/confirm-live/route.ts","statementMap":{"0":{"start":{"line":9,"column":8},"end":{"line":9,"column":null}},"1":{"start":{"line":10,"column":29},"end":{"line":10,"column":null}},"2":{"start":{"line":11,"column":2},"end":{"line":11,"column":null}},"3":{"start":{"line":11,"column":13},"end":{"line":11,"column":null}},"4":{"start":{"line":13,"column":27},"end":{"line":15,"column":null}},"5":{"start":{"line":16,"column":2},"end":{"line":16,"column":null}},"6":{"start":{"line":16,"column":15},"end":{"line":16,"column":null}},"7":{"start":{"line":18,"column":23},"end":{"line":18,"column":null}},"8":{"start":{"line":19,"column":2},"end":{"line":19,"column":null}},"9":{"start":{"line":19,"column":31},"end":{"line":19,"column":null}},"10":{"start":{"line":20,"column":2},"end":{"line":22,"column":null}},"11":{"start":{"line":21,"column":4},"end":{"line":21,"column":null}},"12":{"start":{"line":23,"column":8},"end":{"line":23,"column":null}},"13":{"start":{"line":25,"column":47},"end":{"line":29,"column":null}},"14":{"start":{"line":30,"column":2},"end":{"line":30,"column":null}},"15":{"start":{"line":30,"column":18},"end":{"line":30,"column":null}},"16":{"start":{"line":31,"column":2},"end":{"line":31,"column":null}},"17":{"start":{"line":31,"column":24},"end":{"line":31,"column":null}},"18":{"start":{"line":33,"column":21},"end":{"line":33,"column":null}},"19":{"start":{"line":34,"column":2},"end":{"line":40,"column":null}},"20":{"start":{"line":35,"column":4},"end":{"line":39,"column":null}},"21":{"start":{"line":43,"column":2},"end":{"line":45,"column":null}},"22":{"start":{"line":47,"column":25},"end":{"line":47,"column":null}},"23":{"start":{"line":48,"column":24},"end":{"line":48,"column":null}},"24":{"start":{"line":49,"column":2},"end":{"line":57,"column":null}},"25":{"start":{"line":50,"column":4},"end":{"line":56,"column":null}},"26":{"start":{"line":58,"column":2},"end":{"line":58,"column":null}},"27":{"start":{"line":58,"column":44},"end":{"line":58,"column":null}},"28":{"start":{"line":60,"column":2},"end":{"line":60,"column":null}}},"fnMap":{"0":{"name":"POST","decl":{"start":{"line":8,"column":22},"end":{"line":8,"column":27}},"loc":{"start":{"line":8,"column":85},"end":{"line":61,"column":null}},"line":8}},"branchMap":{"0":{"loc":{"start":{"line":11,"column":2},"end":{"line":11,"column":null}},"type":"if","locations":[{"start":{"line":11,"column":2},"end":{"line":11,"column":null}},{"start":{},"end":{}}],"line":11},"1":{"loc":{"start":{"line":16,"column":2},"end":{"line":16,"column":null}},"type":"if","locations":[{"start":{"line":16,"column":2},"end":{"line":16,"column":null}},{"start":{},"end":{}}],"line":16},"2":{"loc":{"start":{"line":19,"column":2},"end":{"line":19,"column":null}},"type":"if","locations":[{"start":{"line":19,"column":2},"end":{"line":19,"column":null}},{"start":{},"end":{}}],"line":19},"3":{"loc":{"start":{"line":20,"column":2},"end":{"line":22,"column":null}},"type":"if","locations":[{"start":{"line":20,"column":2},"end":{"line":22,"column":null}},{"start":{},"end":{}}],"line":20},"4":{"loc":{"start":{"line":20,"column":6},"end":{"line":20,"column":101}},"type":"binary-expr","locations":[{"start":{"line":20,"column":6},"end":{"line":20,"column":39}},{"start":{"line":20,"column":39},"end":{"line":20,"column":101}}],"line":20},"5":{"loc":{"start":{"line":30,"column":2},"end":{"line":30,"column":null}},"type":"if","locations":[{"start":{"line":30,"column":2},"end":{"line":30,"column":null}},{"start":{},"end":{}}],"line":30},"6":{"loc":{"start":{"line":31,"column":2},"end":{"line":31,"column":null}},"type":"if","locations":[{"start":{"line":31,"column":2},"end":{"line":31,"column":null}},{"start":{},"end":{}}],"line":31},"7":{"loc":{"start":{"line":34,"column":2},"end":{"line":40,"column":null}},"type":"if","locations":[{"start":{"line":34,"column":2},"end":{"line":40,"column":null}},{"start":{},"end":{}}],"line":34},"8":{"loc":{"start":{"line":36,"column":13},"end":{"line":38,"column":null}},"type":"cond-expr","locations":[{"start":{"line":37,"column":10},"end":{"line":37,"column":null}},{"start":{"line":38,"column":10},"end":{"line":38,"column":null}}],"line":36},"9":{"loc":{"start":{"line":49,"column":2},"end":{"line":57,"column":null}},"type":"if","locations":[{"start":{"line":49,"column":2},"end":{"line":57,"column":null}},{"start":{},"end":{}}],"line":49},"10":{"loc":{"start":{"line":49,"column":6},"end":{"line":49,"column":45}},"type":"binary-expr","locations":[{"start":{"line":49,"column":6},"end":{"line":49,"column":30}},{"start":{"line":49,"column":30},"end":{"line":49,"column":45}}],"line":49},"11":{"loc":{"start":{"line":58,"column":2},"end":{"line":58,"column":null}},"type":"if","locations":[{"start":{"line":58,"column":2},"end":{"line":58,"column":null}},{"start":{},"end":{}}],"line":58},"12":{"loc":{"start":{"line":58,"column":6},"end":{"line":58,"column":44}},"type":"binary-expr","locations":[{"start":{"line":58,"column":6},"end":{"line":58,"column":30}},{"start":{"line":58,"column":30},"end":{"line":58,"column":44}}],"line":58}},"s":{"0":3,"1":3,"2":3,"3":0,"4":3,"5":3,"6":0,"7":3,"8":3,"9":1,"10":2,"11":1,"12":1,"13":1,"14":1,"15":0,"16":1,"17":1,"18":0,"19":0,"20":0,"21":0,"22":0,"23":3,"24":3,"25":0,"26":0,"27":0,"28":0},"f":{"0":3},"b":{"0":[0,3],"1":[0,3],"2":[1,2],"3":[1,1],"4":[2,1],"5":[0,1],"6":[1,0],"7":[0,0],"8":[0,0],"9":[0,3],"10":[3,0],"11":[0,0],"12":[0,0]},"meta":{"lastBranch":13,"lastFunction":1,"lastStatement":29,"seen":{"f:8:22:8:27":0,"s:9:8:9:Infinity":0,"s:10:29:10:Infinity":1,"b:11:2:11:Infinity:undefined:undefined:undefined:undefined":0,"s:11:2:11:Infinity":2,"s:11:13:11:Infinity":3,"s:13:27:15:Infinity":4,"b:16:2:16:Infinity:undefined:undefined:undefined:undefined":1,"s:16:2:16:Infinity":5,"s:16:15:16:Infinity":6,"s:18:23:18:Infinity":7,"b:19:2:19:Infinity:undefined:undefined:undefined:undefined":2,"s:19:2:19:Infinity":8,"s:19:31:19:Infinity":9,"b:20:2:22:Infinity:undefined:undefined:undefined:undefined":3,"s:20:2:22:Infinity":10,"b:20:6:20:39:20:39:20:101":4,"s:21:4:21:Infinity":11,"s:23:8:23:Infinity":12,"s:25:47:29:Infinity":13,"b:30:2:30:Infinity:undefined:undefined:undefined:undefined":5,"s:30:2:30:Infinity":14,"s:30:18:30:Infinity":15,"b:31:2:31:Infinity:undefined:undefined:undefined:undefined":6,"s:31:2:31:Infinity":16,"s:31:24:31:Infinity":17,"s:33:21:33:Infinity":18,"b:34:2:40:Infinity:undefined:undefined:undefined:undefined":7,"s:34:2:40:Infinity":19,"s:35:4:39:Infinity":20,"b:37:10:37:Infinity:38:10:38:Infinity":8,"s:43:2:45:Infinity":21,"s:47:25:47:Infinity":22,"s:48:24:48:Infinity":23,"b:49:2:57:Infinity:undefined:undefined:undefined:undefined":9,"s:49:2:57:Infinity":24,"b:49:6:49:30:49:30:49:45":10,"s:50:4:56:Infinity":25,"b:58:2:58:Infinity:undefined:undefined:undefined:undefined":11,"s:58:2:58:Infinity":26,"b:58:6:58:30:58:30:58:44":12,"s:58:44:58:Infinity":27,"s:60:2:60:Infinity":28},"fnNames":{}}}
,"/Users/grace/Desktop/collabr/app/api/collabs/[id]/submit-draft/route.ts": {"path":"/Users/grace/Desktop/collabr/app/api/collabs/[id]/submit-draft/route.ts","statementMap":{"0":{"start":{"line":7,"column":8},"end":{"line":7,"column":null}},"1":{"start":{"line":8,"column":29},"end":{"line":8,"column":null}},"2":{"start":{"line":9,"column":2},"end":{"line":9,"column":null}},"3":{"start":{"line":9,"column":13},"end":{"line":9,"column":null}},"4":{"start":{"line":11,"column":27},"end":{"line":13,"column":null}},"5":{"start":{"line":14,"column":2},"end":{"line":14,"column":null}},"6":{"start":{"line":14,"column":15},"end":{"line":14,"column":null}},"7":{"start":{"line":16,"column":25},"end":{"line":16,"column":null}},"8":{"start":{"line":17,"column":2},"end":{"line":17,"column":null}},"9":{"start":{"line":17,"column":33},"end":{"line":17,"column":null}},"10":{"start":{"line":18,"column":2},"end":{"line":20,"column":null}},"11":{"start":{"line":19,"column":4},"end":{"line":19,"column":null}},"12":{"start":{"line":22,"column":2},"end":{"line":24,"column":null}},"13":{"start":{"line":23,"column":4},"end":{"line":23,"column":null}},"14":{"start":{"line":26,"column":15},"end":{"line":26,"column":null}},"15":{"start":{"line":27,"column":22},"end":{"line":27,"column":null}},"16":{"start":{"line":28,"column":22},"end":{"line":28,"column":null}},"17":{"start":{"line":29,"column":2},"end":{"line":31,"column":null}},"18":{"start":{"line":30,"column":4},"end":{"line":30,"column":null}},"19":{"start":{"line":32,"column":2},"end":{"line":34,"column":null}},"20":{"start":{"line":33,"column":4},"end":{"line":33,"column":null}},"21":{"start":{"line":35,"column":2},"end":{"line":42,"column":null}},"22":{"start":{"line":36,"column":4},"end":{"line":41,"column":null}},"23":{"start":{"line":37,"column":18},"end":{"line":37,"column":null}},"24":{"start":{"line":38,"column":6},"end":{"line":38,"column":null}},"25":{"start":{"line":38,"column":55},"end":{"line":38,"column":null}},"26":{"start":{"line":40,"column":6},"end":{"line":40,"column":null}},"27":{"start":{"line":43,"column":24},"end":{"line":43,"column":null}},"28":{"start":{"line":44,"column":8},"end":{"line":44,"column":null}},"29":{"start":{"line":46,"column":34},"end":{"line":52,"column":null}},"30":{"start":{"line":53,"column":2},"end":{"line":53,"column":null}},"31":{"start":{"line":53,"column":13},"end":{"line":53,"column":null}},"32":{"start":{"line":54,"column":19},"end":{"line":54,"column":null}},"33":{"start":{"line":57,"column":23},"end":{"line":57,"column":null}},"34":{"start":{"line":58,"column":22},"end":{"line":58,"column":null}},"35":{"start":{"line":59,"column":23},"end":{"line":59,"column":null}},"36":{"start":{"line":61,"column":2},"end":{"line":66,"column":null}},"37":{"start":{"line":62,"column":4},"end":{"line":65,"column":null}},"38":{"start":{"line":67,"column":2},"end":{"line":67,"column":null}},"39":{"start":{"line":67,"column":29},"end":{"line":67,"column":null}},"40":{"start":{"line":69,"column":2},"end":{"line":75,"column":null}}},"fnMap":{"0":{"name":"POST","decl":{"start":{"line":6,"column":22},"end":{"line":6,"column":27}},"loc":{"start":{"line":6,"column":85},"end":{"line":76,"column":null}},"line":6}},"branchMap":{"0":{"loc":{"start":{"line":9,"column":2},"end":{"line":9,"column":null}},"type":"if","locations":[{"start":{"line":9,"column":2},"end":{"line":9,"column":null}},{"start":{},"end":{}}],"line":9},"1":{"loc":{"start":{"line":14,"column":2},"end":{"line":14,"column":null}},"type":"if","locations":[{"start":{"line":14,"column":2},"end":{"line":14,"column":null}},{"start":{},"end":{}}],"line":14},"2":{"loc":{"start":{"line":17,"column":2},"end":{"line":17,"column":null}},"type":"if","locations":[{"start":{"line":17,"column":2},"end":{"line":17,"column":null}},{"start":{},"end":{}}],"line":17},"3":{"loc":{"start":{"line":18,"column":2},"end":{"line":20,"column":null}},"type":"if","locations":[{"start":{"line":18,"column":2},"end":{"line":20,"column":null}},{"start":{},"end":{}}],"line":18},"4":{"loc":{"start":{"line":22,"column":2},"end":{"line":24,"column":null}},"type":"if","locations":[{"start":{"line":22,"column":2},"end":{"line":24,"column":null}},{"start":{},"end":{}}],"line":22},"5":{"loc":{"start":{"line":27,"column":22},"end":{"line":27,"column":null}},"type":"cond-expr","locations":[{"start":{"line":27,"column":62},"end":{"line":27,"column":89}},{"start":{"line":27,"column":89},"end":{"line":27,"column":null}}],"line":27},"6":{"loc":{"start":{"line":28,"column":22},"end":{"line":28,"column":null}},"type":"cond-expr","locations":[{"start":{"line":28,"column":62},"end":{"line":28,"column":89}},{"start":{"line":28,"column":89},"end":{"line":28,"column":null}}],"line":28},"7":{"loc":{"start":{"line":29,"column":2},"end":{"line":31,"column":null}},"type":"if","locations":[{"start":{"line":29,"column":2},"end":{"line":31,"column":null}},{"start":{},"end":{}}],"line":29},"8":{"loc":{"start":{"line":29,"column":7},"end":{"line":29,"column":70}},"type":"binary-expr","locations":[{"start":{"line":29,"column":7},"end":{"line":29,"column":23}},{"start":{"line":29,"column":23},"end":{"line":29,"column":41}},{"start":{"line":29,"column":41},"end":{"line":29,"column":56}},{"start":{"line":29,"column":56},"end":{"line":29,"column":70}}],"line":29},"9":{"loc":{"start":{"line":32,"column":2},"end":{"line":34,"column":null}},"type":"if","locations":[{"start":{"line":32,"column":2},"end":{"line":34,"column":null}},{"start":{},"end":{}}],"line":32},"10":{"loc":{"start":{"line":32,"column":6},"end":{"line":32,"column":63}},"type":"binary-expr","locations":[{"start":{"line":32,"column":6},"end":{"line":32,"column":21}},{"start":{"line":32,"column":21},"end":{"line":32,"column":63}}],"line":32},"11":{"loc":{"start":{"line":35,"column":2},"end":{"line":42,"column":null}},"type":"if","locations":[{"start":{"line":35,"column":2},"end":{"line":42,"column":null}},{"start":{},"end":{}}],"line":35},"12":{"loc":{"start":{"line":38,"column":6},"end":{"line":38,"column":null}},"type":"if","locations":[{"start":{"line":38,"column":6},"end":{"line":38,"column":null}},{"start":{},"end":{}}],"line":38},"13":{"loc":{"start":{"line":50,"column":20},"end":{"line":50,"column":null}},"type":"binary-expr","locations":[{"start":{"line":50,"column":20},"end":{"line":50,"column":41}},{"start":{"line":50,"column":41},"end":{"line":50,"column":null}}],"line":50},"14":{"loc":{"start":{"line":53,"column":2},"end":{"line":53,"column":null}},"type":"if","locations":[{"start":{"line":53,"column":2},"end":{"line":53,"column":null}},{"start":{},"end":{}}],"line":53},"15":{"loc":{"start":{"line":59,"column":23},"end":{"line":59,"column":null}},"type":"binary-expr","locations":[{"start":{"line":59,"column":23},"end":{"line":59,"column":79}},{"start":{"line":59,"column":79},"end":{"line":59,"column":null}}],"line":59},"16":{"loc":{"start":{"line":61,"column":2},"end":{"line":66,"column":null}},"type":"if","locations":[{"start":{"line":61,"column":2},"end":{"line":66,"column":null}},{"start":{},"end":{}}],"line":61},"17":{"loc":{"start":{"line":61,"column":6},"end":{"line":61,"column":30}},"type":"binary-expr","locations":[{"start":{"line":61,"column":6},"end":{"line":61,"column":21}},{"start":{"line":61,"column":21},"end":{"line":61,"column":30}}],"line":61},"18":{"loc":{"start":{"line":67,"column":2},"end":{"line":67,"column":null}},"type":"if","locations":[{"start":{"line":67,"column":2},"end":{"line":67,"column":null}},{"start":{},"end":{}}],"line":67},"19":{"loc":{"start":{"line":67,"column":6},"end":{"line":67,"column":29}},"type":"binary-expr","locations":[{"start":{"line":67,"column":6},"end":{"line":67,"column":20}},{"start":{"line":67,"column":20},"end":{"line":67,"column":29}}],"line":67},"20":{"loc":{"start":{"line":74,"column":21},"end":{"line":74,"column":null}},"type":"cond-expr","locations":[{"start":{"line":74,"column":31},"end":{"line":74,"column":47}},{"start":{"line":74,"column":47},"end":{"line":74,"column":null}}],"line":74}},"s":{"0":4,"1":4,"2":4,"3":0,"4":4,"5":4,"6":0,"7":4,"8":4,"9":1,"10":3,"11":2,"12":1,"13":0,"14":1,"15":1,"16":4,"17":4,"18":0,"19":1,"20":0,"21":1,"22":1,"23":1,"24":1,"25":0,"26":0,"27":1,"28":1,"29":1,"30":1,"31":1,"32":1,"33":4,"34":4,"35":4,"36":4,"37":1,"38":1,"39":1,"40":1},"f":{"0":4},"b":{"0":[0,4],"1":[0,4],"2":[1,3],"3":[2,1],"4":[0,1],"5":[0,1],"6":[1,0],"7":[0,4],"8":[4,1,1,0],"9":[0,1],"10":[1,0],"11":[1,0],"12":[0,1],"13":[1,1],"14":[0,1],"15":[4,0],"16":[1,3],"17":[4,1],"18":[1,0],"19":[1,1],"20":[1,0]},"meta":{"lastBranch":21,"lastFunction":1,"lastStatement":41,"seen":{"f:6:22:6:27":0,"s:7:8:7:Infinity":0,"s:8:29:8:Infinity":1,"b:9:2:9:Infinity:undefined:undefined:undefined:undefined":0,"s:9:2:9:Infinity":2,"s:9:13:9:Infinity":3,"s:11:27:13:Infinity":4,"b:14:2:14:Infinity:undefined:undefined:undefined:undefined":1,"s:14:2:14:Infinity":5,"s:14:15:14:Infinity":6,"s:16:25:16:Infinity":7,"b:17:2:17:Infinity:undefined:undefined:undefined:undefined":2,"s:17:2:17:Infinity":8,"s:17:33:17:Infinity":9,"b:18:2:20:Infinity:undefined:undefined:undefined:undefined":3,"s:18:2:20:Infinity":10,"s:19:4:19:Infinity":11,"b:22:2:24:Infinity:undefined:undefined:undefined:undefined":4,"s:22:2:24:Infinity":12,"s:23:4:23:Infinity":13,"s:26:15:26:Infinity":14,"s:27:22:27:Infinity":15,"b:27:62:27:89:27:89:27:Infinity":5,"s:28:22:28:Infinity":16,"b:28:62:28:89:28:89:28:Infinity":6,"b:29:2:31:Infinity:undefined:undefined:undefined:undefined":7,"s:29:2:31:Infinity":17,"b:29:7:29:23:29:23:29:41:29:41:29:56:29:56:29:70":8,"s:30:4:30:Infinity":18,"b:32:2:34:Infinity:undefined:undefined:undefined:undefined":9,"s:32:2:34:Infinity":19,"b:32:6:32:21:32:21:32:63":10,"s:33:4:33:Infinity":20,"b:35:2:42:Infinity:undefined:undefined:undefined:undefined":11,"s:35:2:42:Infinity":21,"s:36:4:41:Infinity":22,"s:37:18:37:Infinity":23,"b:38:6:38:Infinity:undefined:undefined:undefined:undefined":12,"s:38:6:38:Infinity":24,"s:38:55:38:Infinity":25,"s:40:6:40:Infinity":26,"s:43:24:43:Infinity":27,"s:44:8:44:Infinity":28,"s:46:34:52:Infinity":29,"b:50:20:50:41:50:41:50:Infinity":13,"b:53:2:53:Infinity:undefined:undefined:undefined:undefined":14,"s:53:2:53:Infinity":30,"s:53:13:53:Infinity":31,"s:54:19:54:Infinity":32,"s:57:23:57:Infinity":33,"s:58:22:58:Infinity":34,"s:59:23:59:Infinity":35,"b:59:23:59:79:59:79:59:Infinity":15,"b:61:2:66:Infinity:undefined:undefined:undefined:undefined":16,"s:61:2:66:Infinity":36,"b:61:6:61:21:61:21:61:30":17,"s:62:4:65:Infinity":37,"b:67:2:67:Infinity:undefined:undefined:undefined:undefined":18,"s:67:2:67:Infinity":38,"b:67:6:67:20:67:20:67:29":19,"s:67:29:67:Infinity":39,"s:69:2:75:Infinity":40,"b:74:31:74:47:74:47:74:Infinity":20},"fnNames":{}}}
,"/Users/grace/Desktop/collabr/app/api/invites/route.ts": {"path":"/Users/grace/Desktop/collabr/app/api/invites/route.ts","statementMap":{"0":{"start":{"line":8,"column":21},"end":{"line":13,"column":null}},"1":{"start":{"line":12,"column":83},"end":{"line":12,"column":92}},"2":{"start":{"line":17,"column":8},"end":{"line":17,"column":null}},"3":{"start":{"line":18,"column":29},"end":{"line":18,"column":null}},"4":{"start":{"line":19,"column":2},"end":{"line":19,"column":null}},"5":{"start":{"line":19,"column":13},"end":{"line":19,"column":null}},"6":{"start":{"line":21,"column":28},"end":{"line":21,"column":null}},"7":{"start":{"line":22,"column":2},"end":{"line":24,"column":null}},"8":{"start":{"line":23,"column":4},"end":{"line":23,"column":null}},"9":{"start":{"line":27,"column":2},"end":{"line":29,"column":null}},"10":{"start":{"line":28,"column":4},"end":{"line":28,"column":null}},"11":{"start":{"line":31,"column":26},"end":{"line":33,"column":null}},"12":{"start":{"line":34,"column":2},"end":{"line":34,"column":null}},"13":{"start":{"line":34,"column":14},"end":{"line":34,"column":null}},"14":{"start":{"line":35,"column":2},"end":{"line":37,"column":null}},"15":{"start":{"line":36,"column":4},"end":{"line":36,"column":null}},"16":{"start":{"line":40,"column":8},"end":{"line":40,"column":null}},"17":{"start":{"line":41,"column":2},"end":{"line":41,"column":null}},"18":{"start":{"line":41,"column":12},"end":{"line":41,"column":null}},"19":{"start":{"line":44,"column":2},"end":{"line":46,"column":null}},"20":{"start":{"line":45,"column":4},"end":{"line":45,"column":null}},"21":{"start":{"line":49,"column":2},"end":{"line":53,"column":null}},"22":{"start":{"line":50,"column":4},"end":{"line":50,"column":null}},"23":{"start":{"line":52,"column":4},"end":{"line":52,"column":null}},"24":{"start":{"line":54,"column":17},"end":{"line":54,"column":null}},"25":{"start":{"line":55,"column":2},"end":{"line":61,"column":null}},"26":{"start":{"line":56,"column":18},"end":{"line":56,"column":null}},"27":{"start":{"line":57,"column":4},"end":{"line":60,"column":null}},"28":{"start":{"line":63,"column":8},"end":{"line":63,"column":null}},"29":{"start":{"line":67,"column":29},"end":{"line":69,"column":null}},"30":{"start":{"line":70,"column":2},"end":{"line":70,"column":null}},"31":{"start":{"line":70,"column":17},"end":{"line":70,"column":null}},"32":{"start":{"line":71,"column":2},"end":{"line":73,"column":null}},"33":{"start":{"line":72,"column":4},"end":{"line":72,"column":null}},"34":{"start":{"line":74,"column":2},"end":{"line":79,"column":null}},"35":{"start":{"line":75,"column":4},"end":{"line":78,"column":null}},"36":{"start":{"line":81,"column":28},"end":{"line":82,"column":null}},"37":{"start":{"line":83,"column":2},"end":{"line":83,"column":null}},"38":{"start":{"line":83,"column":16},"end":{"line":83,"column":null}},"39":{"start":{"line":86,"column":35},"end":{"line":87,"column":null}},"40":{"start":{"line":88,"column":2},"end":{"line":90,"column":null}},"41":{"start":{"line":89,"column":4},"end":{"line":89,"column":null}},"42":{"start":{"line":92,"column":34},"end":{"line":98,"column":null}},"43":{"start":{"line":100,"column":2},"end":{"line":106,"column":null}},"44":{"start":{"line":101,"column":4},"end":{"line":103,"column":null}},"45":{"start":{"line":102,"column":6},"end":{"line":102,"column":null}},"46":{"start":{"line":104,"column":4},"end":{"line":104,"column":null}},"47":{"start":{"line":105,"column":4},"end":{"line":105,"column":null}},"48":{"start":{"line":108,"column":2},"end":{"line":117,"column":null}},"49":{"start":{"line":109,"column":4},"end":{"line":116,"column":null}},"50":{"start":{"line":119,"column":2},"end":{"line":119,"column":null}}},"fnMap":{"0":{"name":"(anonymous_0)","decl":{"start":{"line":12,"column":67},"end":{"line":12,"column":83}},"loc":{"start":{"line":12,"column":83},"end":{"line":12,"column":92}},"line":12},"1":{"name":"POST","decl":{"start":{"line":16,"column":22},"end":{"line":16,"column":27}},"loc":{"start":{"line":16,"column":45},"end":{"line":120,"column":null}},"line":16}},"branchMap":{"0":{"loc":{"start":{"line":19,"column":2},"end":{"line":19,"column":null}},"type":"if","locations":[{"start":{"line":19,"column":2},"end":{"line":19,"column":null}},{"start":{},"end":{}}],"line":19},"1":{"loc":{"start":{"line":22,"column":2},"end":{"line":24,"column":null}},"type":"if","locations":[{"start":{"line":22,"column":2},"end":{"line":24,"column":null}},{"start":{},"end":{}}],"line":22},"2":{"loc":{"start":{"line":27,"column":2},"end":{"line":29,"column":null}},"type":"if","locations":[{"start":{"line":27,"column":2},"end":{"line":29,"column":null}},{"start":{},"end":{}}],"line":27},"3":{"loc":{"start":{"line":34,"column":2},"end":{"line":34,"column":null}},"type":"if","locations":[{"start":{"line":34,"column":2},"end":{"line":34,"column":null}},{"start":{},"end":{}}],"line":34},"4":{"loc":{"start":{"line":35,"column":2},"end":{"line":37,"column":null}},"type":"if","locations":[{"start":{"line":35,"column":2},"end":{"line":37,"column":null}},{"start":{},"end":{}}],"line":35},"5":{"loc":{"start":{"line":41,"column":2},"end":{"line":41,"column":null}},"type":"if","locations":[{"start":{"line":41,"column":2},"end":{"line":41,"column":null}},{"start":{},"end":{}}],"line":41},"6":{"loc":{"start":{"line":44,"column":2},"end":{"line":46,"column":null}},"type":"if","locations":[{"start":{"line":44,"column":2},"end":{"line":46,"column":null}},{"start":{},"end":{}}],"line":44},"7":{"loc":{"start":{"line":55,"column":2},"end":{"line":61,"column":null}},"type":"if","locations":[{"start":{"line":55,"column":2},"end":{"line":61,"column":null}},{"start":{},"end":{}}],"line":55},"8":{"loc":{"start":{"line":58,"column":15},"end":{"line":58,"column":96}},"type":"cond-expr","locations":[{"start":{"line":58,"column":23},"end":{"line":58,"column":80}},{"start":{"line":58,"column":80},"end":{"line":58,"column":96}}],"line":58},"9":{"loc":{"start":{"line":58,"column":26},"end":{"line":58,"column":58}},"type":"binary-expr","locations":[{"start":{"line":58,"column":26},"end":{"line":58,"column":50}},{"start":{"line":58,"column":50},"end":{"line":58,"column":58}}],"line":58},"10":{"loc":{"start":{"line":70,"column":2},"end":{"line":70,"column":null}},"type":"if","locations":[{"start":{"line":70,"column":2},"end":{"line":70,"column":null}},{"start":{},"end":{}}],"line":70},"11":{"loc":{"start":{"line":71,"column":2},"end":{"line":73,"column":null}},"type":"if","locations":[{"start":{"line":71,"column":2},"end":{"line":73,"column":null}},{"start":{},"end":{}}],"line":71},"12":{"loc":{"start":{"line":74,"column":2},"end":{"line":79,"column":null}},"type":"if","locations":[{"start":{"line":74,"column":2},"end":{"line":79,"column":null}},{"start":{},"end":{}}],"line":74},"13":{"loc":{"start":{"line":83,"column":2},"end":{"line":83,"column":null}},"type":"if","locations":[{"start":{"line":83,"column":2},"end":{"line":83,"column":null}},{"start":{},"end":{}}],"line":83},"14":{"loc":{"start":{"line":88,"column":2},"end":{"line":90,"column":null}},"type":"if","locations":[{"start":{"line":88,"column":2},"end":{"line":90,"column":null}},{"start":{},"end":{}}],"line":88},"15":{"loc":{"start":{"line":97,"column":13},"end":{"line":97,"column":null}},"type":"binary-expr","locations":[{"start":{"line":97,"column":13},"end":{"line":97,"column":36}},{"start":{"line":97,"column":36},"end":{"line":97,"column":null}}],"line":97},"16":{"loc":{"start":{"line":100,"column":2},"end":{"line":106,"column":null}},"type":"if","locations":[{"start":{"line":100,"column":2},"end":{"line":106,"column":null}},{"start":{},"end":{}}],"line":100},"17":{"loc":{"start":{"line":101,"column":4},"end":{"line":103,"column":null}},"type":"if","locations":[{"start":{"line":101,"column":4},"end":{"line":103,"column":null}},{"start":{},"end":{}}],"line":101},"18":{"loc":{"start":{"line":108,"column":2},"end":{"line":117,"column":null}},"type":"if","locations":[{"start":{"line":108,"column":2},"end":{"line":117,"column":null}},{"start":{},"end":{}}],"line":108},"19":{"loc":{"start":{"line":112,"column":16},"end":{"line":112,"column":48}},"type":"binary-expr","locations":[{"start":{"line":112,"column":16},"end":{"line":112,"column":38}},{"start":{"line":112,"column":38},"end":{"line":112,"column":48}}],"line":112}},"s":{"0":1,"1":0,"2":2,"3":2,"4":2,"5":0,"6":2,"7":2,"8":1,"9":1,"10":0,"11":1,"12":1,"13":0,"14":1,"15":0,"16":1,"17":1,"18":1,"19":0,"20":0,"21":0,"22":0,"23":0,"24":0,"25":0,"26":0,"27":0,"28":0,"29":0,"30":0,"31":0,"32":0,"33":0,"34":0,"35":0,"36":0,"37":0,"38":0,"39":0,"40":0,"41":0,"42":0,"43":0,"44":0,"45":0,"46":0,"47":0,"48":0,"49":0,"50":0},"f":{"0":0,"1":2},"b":{"0":[0,2],"1":[1,1],"2":[0,1],"3":[0,1],"4":[0,1],"5":[1,0],"6":[0,0],"7":[0,0],"8":[0,0],"9":[0,0],"10":[0,0],"11":[0,0],"12":[0,0],"13":[0,0],"14":[0,0],"15":[0,0],"16":[0,0],"17":[0,0],"18":[0,0],"19":[0,0]},"meta":{"lastBranch":20,"lastFunction":2,"lastStatement":51,"seen":{"s:8:21:13:Infinity":0,"f:12:67:12:83":0,"s:12:83:12:92":1,"f:16:22:16:27":1,"s:17:8:17:Infinity":2,"s:18:29:18:Infinity":3,"b:19:2:19:Infinity:undefined:undefined:undefined:undefined":0,"s:19:2:19:Infinity":4,"s:19:13:19:Infinity":5,"s:21:28:21:Infinity":6,"b:22:2:24:Infinity:undefined:undefined:undefined:undefined":1,"s:22:2:24:Infinity":7,"s:23:4:23:Infinity":8,"b:27:2:29:Infinity:undefined:undefined:undefined:undefined":2,"s:27:2:29:Infinity":9,"s:28:4:28:Infinity":10,"s:31:26:33:Infinity":11,"b:34:2:34:Infinity:undefined:undefined:undefined:undefined":3,"s:34:2:34:Infinity":12,"s:34:14:34:Infinity":13,"b:35:2:37:Infinity:undefined:undefined:undefined:undefined":4,"s:35:2:37:Infinity":14,"s:36:4:36:Infinity":15,"s:40:8:40:Infinity":16,"b:41:2:41:Infinity:undefined:undefined:undefined:undefined":5,"s:41:2:41:Infinity":17,"s:41:12:41:Infinity":18,"b:44:2:46:Infinity:undefined:undefined:undefined:undefined":6,"s:44:2:46:Infinity":19,"s:45:4:45:Infinity":20,"s:49:2:53:Infinity":21,"s:50:4:50:Infinity":22,"s:52:4:52:Infinity":23,"s:54:17:54:Infinity":24,"b:55:2:61:Infinity:undefined:undefined:undefined:undefined":7,"s:55:2:61:Infinity":25,"s:56:18:56:Infinity":26,"s:57:4:60:Infinity":27,"b:58:23:58:80:58:80:58:96":8,"b:58:26:58:50:58:50:58:58":9,"s:63:8:63:Infinity":28,"s:67:29:69:Infinity":29,"b:70:2:70:Infinity:undefined:undefined:undefined:undefined":10,"s:70:2:70:Infinity":30,"s:70:17:70:Infinity":31,"b:71:2:73:Infinity:undefined:undefined:undefined:undefined":11,"s:71:2:73:Infinity":32,"s:72:4:72:Infinity":33,"b:74:2:79:Infinity:undefined:undefined:undefined:undefined":12,"s:74:2:79:Infinity":34,"s:75:4:78:Infinity":35,"s:81:28:82:Infinity":36,"b:83:2:83:Infinity:undefined:undefined:undefined:undefined":13,"s:83:2:83:Infinity":37,"s:83:16:83:Infinity":38,"s:86:35:87:Infinity":39,"b:88:2:90:Infinity:undefined:undefined:undefined:undefined":14,"s:88:2:90:Infinity":40,"s:89:4:89:Infinity":41,"s:92:34:98:Infinity":42,"b:97:13:97:36:97:36:97:Infinity":15,"b:100:2:106:Infinity:undefined:undefined:undefined:undefined":16,"s:100:2:106:Infinity":43,"b:101:4:103:Infinity:undefined:undefined:undefined:undefined":17,"s:101:4:103:Infinity":44,"s:102:6:102:Infinity":45,"s:104:4:104:Infinity":46,"s:105:4:105:Infinity":47,"b:108:2:117:Infinity:undefined:undefined:undefined:undefined":18,"s:108:2:117:Infinity":48,"s:109:4:116:Infinity":49,"b:112:16:112:38:112:38:112:48":19,"s:119:2:119:Infinity":50},"fnNames":{}}}
,"/Users/grace/Desktop/collabr/app/api/invites/[id]/route.ts": {"path":"/Users/grace/Desktop/collabr/app/api/invites/[id]/route.ts","statementMap":{"0":{"start":{"line":10,"column":8},"end":{"line":10,"column":null}},"1":{"start":{"line":11,"column":29},"end":{"line":11,"column":null}},"2":{"start":{"line":12,"column":2},"end":{"line":12,"column":null}},"3":{"start":{"line":12,"column":13},"end":{"line":12,"column":null}},"4":{"start":{"line":15,"column":2},"end":{"line":19,"column":null}},"5":{"start":{"line":16,"column":4},"end":{"line":16,"column":null}},"6":{"start":{"line":18,"column":4},"end":{"line":18,"column":null}},"7":{"start":{"line":20,"column":2},"end":{"line":22,"column":null}},"8":{"start":{"line":21,"column":4},"end":{"line":21,"column":null}},"9":{"start":{"line":24,"column":28},"end":{"line":25,"column":null}},"10":{"start":{"line":26,"column":2},"end":{"line":26,"column":null}},"11":{"start":{"line":26,"column":16},"end":{"line":26,"column":null}},"12":{"start":{"line":28,"column":8},"end":{"line":28,"column":null}},"13":{"start":{"line":29,"column":27},"end":{"line":31,"column":null}},"14":{"start":{"line":32,"column":2},"end":{"line":32,"column":null}},"15":{"start":{"line":32,"column":15},"end":{"line":32,"column":null}},"16":{"start":{"line":33,"column":2},"end":{"line":35,"column":null}},"17":{"start":{"line":34,"column":4},"end":{"line":34,"column":null}},"18":{"start":{"line":37,"column":19},"end":{"line":37,"column":null}},"19":{"start":{"line":38,"column":22},"end":{"line":38,"column":null}},"20":{"start":{"line":39,"column":35},"end":{"line":40,"column":null}},"21":{"start":{"line":41,"column":22},"end":{"line":41,"column":null}},"22":{"start":{"line":44,"column":2},"end":{"line":61,"column":null}},"23":{"start":{"line":45,"column":30},"end":{"line":47,"column":null}},"24":{"start":{"line":48,"column":4},"end":{"line":48,"column":null}},"25":{"start":{"line":48,"column":18},"end":{"line":48,"column":null}},"26":{"start":{"line":50,"column":4},"end":{"line":59,"column":null}},"27":{"start":{"line":51,"column":6},"end":{"line":58,"column":null}},"28":{"start":{"line":60,"column":4},"end":{"line":60,"column":null}},"29":{"start":{"line":65,"column":2},"end":{"line":67,"column":null}},"30":{"start":{"line":66,"column":4},"end":{"line":66,"column":null}},"31":{"start":{"line":68,"column":2},"end":{"line":70,"column":null}},"32":{"start":{"line":69,"column":4},"end":{"line":69,"column":null}},"33":{"start":{"line":71,"column":2},"end":{"line":73,"column":null}},"34":{"start":{"line":72,"column":4},"end":{"line":72,"column":null}},"35":{"start":{"line":76,"column":2},"end":{"line":81,"column":null}},"36":{"start":{"line":77,"column":4},"end":{"line":80,"column":null}},"37":{"start":{"line":82,"column":2},"end":{"line":87,"column":null}},"38":{"start":{"line":83,"column":4},"end":{"line":86,"column":null}},"39":{"start":{"line":92,"column":32},"end":{"line":94,"column":null}},"40":{"start":{"line":96,"column":2},"end":{"line":123,"column":null}},"41":{"start":{"line":97,"column":4},"end":{"line":105,"column":null}},"42":{"start":{"line":99,"column":31},"end":{"line":100,"column":null}},"43":{"start":{"line":101,"column":6},"end":{"line":103,"column":null}},"44":{"start":{"line":104,"column":6},"end":{"line":104,"column":null}},"45":{"start":{"line":106,"column":4},"end":{"line":106,"column":null}},"46":{"start":{"line":107,"column":4},"end":{"line":110,"column":null}},"47":{"start":{"line":108,"column":6},"end":{"line":109,"column":null}},"48":{"start":{"line":112,"column":44},"end":{"line":117,"column":null}},"49":{"start":{"line":118,"column":4},"end":{"line":121,"column":null}},"50":{"start":{"line":119,"column":6},"end":{"line":119,"column":null}},"51":{"start":{"line":120,"column":6},"end":{"line":120,"column":null}},"52":{"start":{"line":122,"column":4},"end":{"line":122,"column":null}},"53":{"start":{"line":125,"column":31},"end":{"line":125,"column":null}},"54":{"start":{"line":126,"column":15},"end":{"line":126,"column":null}},"55":{"start":{"line":128,"column":48},"end":{"line":133,"column":null}},"56":{"start":{"line":134,"column":2},"end":{"line":140,"column":null}},"57":{"start":{"line":135,"column":4},"end":{"line":135,"column":null}},"58":{"start":{"line":136,"column":21},"end":{"line":138,"column":null}},"59":{"start":{"line":139,"column":4},"end":{"line":139,"column":null}},"60":{"start":{"line":141,"column":20},"end":{"line":141,"column":null}},"61":{"start":{"line":143,"column":34},"end":{"line":145,"column":null}},"62":{"start":{"line":146,"column":2},"end":{"line":149,"column":null}},"63":{"start":{"line":148,"column":4},"end":{"line":148,"column":null}},"64":{"start":{"line":151,"column":2},"end":{"line":160,"column":null}},"65":{"start":{"line":152,"column":4},"end":{"line":159,"column":null}},"66":{"start":{"line":162,"column":2},"end":{"line":162,"column":null}}},"fnMap":{"0":{"name":"PATCH","decl":{"start":{"line":9,"column":22},"end":{"line":9,"column":28}},"loc":{"start":{"line":9,"column":86},"end":{"line":163,"column":null}},"line":9}},"branchMap":{"0":{"loc":{"start":{"line":12,"column":2},"end":{"line":12,"column":null}},"type":"if","locations":[{"start":{"line":12,"column":2},"end":{"line":12,"column":null}},{"start":{},"end":{}}],"line":12},"1":{"loc":{"start":{"line":20,"column":2},"end":{"line":22,"column":null}},"type":"if","locations":[{"start":{"line":20,"column":2},"end":{"line":22,"column":null}},{"start":{},"end":{}}],"line":20},"2":{"loc":{"start":{"line":20,"column":6},"end":{"line":20,"column":51}},"type":"binary-expr","locations":[{"start":{"line":20,"column":6},"end":{"line":20,"column":29}},{"start":{"line":20,"column":29},"end":{"line":20,"column":51}}],"line":20},"3":{"loc":{"start":{"line":26,"column":2},"end":{"line":26,"column":null}},"type":"if","locations":[{"start":{"line":26,"column":2},"end":{"line":26,"column":null}},{"start":{},"end":{}}],"line":26},"4":{"loc":{"start":{"line":32,"column":2},"end":{"line":32,"column":null}},"type":"if","locations":[{"start":{"line":32,"column":2},"end":{"line":32,"column":null}},{"start":{},"end":{}}],"line":32},"5":{"loc":{"start":{"line":33,"column":2},"end":{"line":35,"column":null}},"type":"if","locations":[{"start":{"line":33,"column":2},"end":{"line":35,"column":null}},{"start":{},"end":{}}],"line":33},"6":{"loc":{"start":{"line":41,"column":22},"end":{"line":41,"column":null}},"type":"binary-expr","locations":[{"start":{"line":41,"column":22},"end":{"line":41,"column":54}},{"start":{"line":41,"column":54},"end":{"line":41,"column":null}}],"line":41},"7":{"loc":{"start":{"line":44,"column":2},"end":{"line":61,"column":null}},"type":"if","locations":[{"start":{"line":44,"column":2},"end":{"line":61,"column":null}},{"start":{},"end":{}}],"line":44},"8":{"loc":{"start":{"line":48,"column":4},"end":{"line":48,"column":null}},"type":"if","locations":[{"start":{"line":48,"column":4},"end":{"line":48,"column":null}},{"start":{},"end":{}}],"line":48},"9":{"loc":{"start":{"line":50,"column":4},"end":{"line":59,"column":null}},"type":"if","locations":[{"start":{"line":50,"column":4},"end":{"line":59,"column":null}},{"start":{},"end":{}}],"line":50},"10":{"loc":{"start":{"line":55,"column":14},"end":{"line":55,"column":null}},"type":"cond-expr","locations":[{"start":{"line":55,"column":32},"end":{"line":55,"column":98}},{"start":{"line":55,"column":98},"end":{"line":55,"column":null}}],"line":55},"11":{"loc":{"start":{"line":65,"column":2},"end":{"line":67,"column":null}},"type":"if","locations":[{"start":{"line":65,"column":2},"end":{"line":67,"column":null}},{"start":{},"end":{}}],"line":65},"12":{"loc":{"start":{"line":68,"column":2},"end":{"line":70,"column":null}},"type":"if","locations":[{"start":{"line":68,"column":2},"end":{"line":70,"column":null}},{"start":{},"end":{}}],"line":68},"13":{"loc":{"start":{"line":71,"column":2},"end":{"line":73,"column":null}},"type":"if","locations":[{"start":{"line":71,"column":2},"end":{"line":73,"column":null}},{"start":{},"end":{}}],"line":71},"14":{"loc":{"start":{"line":76,"column":2},"end":{"line":81,"column":null}},"type":"if","locations":[{"start":{"line":76,"column":2},"end":{"line":81,"column":null}},{"start":{},"end":{}}],"line":76},"15":{"loc":{"start":{"line":82,"column":2},"end":{"line":87,"column":null}},"type":"if","locations":[{"start":{"line":82,"column":2},"end":{"line":87,"column":null}},{"start":{},"end":{}}],"line":82},"16":{"loc":{"start":{"line":96,"column":2},"end":{"line":123,"column":null}},"type":"if","locations":[{"start":{"line":96,"column":2},"end":{"line":123,"column":null}},{"start":{"line":111,"column":9},"end":{"line":123,"column":null}}],"line":96},"17":{"loc":{"start":{"line":97,"column":4},"end":{"line":105,"column":null}},"type":"if","locations":[{"start":{"line":97,"column":4},"end":{"line":105,"column":null}},{"start":{},"end":{}}],"line":97},"18":{"loc":{"start":{"line":107,"column":4},"end":{"line":110,"column":null}},"type":"if","locations":[{"start":{"line":107,"column":4},"end":{"line":110,"column":null}},{"start":{},"end":{}}],"line":107},"19":{"loc":{"start":{"line":115,"column":46},"end":{"line":115,"column":99}},"type":"binary-expr","locations":[{"start":{"line":115,"column":46},"end":{"line":115,"column":87}},{"start":{"line":115,"column":87},"end":{"line":115,"column":99}}],"line":115},"20":{"loc":{"start":{"line":118,"column":4},"end":{"line":121,"column":null}},"type":"if","locations":[{"start":{"line":118,"column":4},"end":{"line":121,"column":null}},{"start":{},"end":{}}],"line":118},"21":{"loc":{"start":{"line":118,"column":8},"end":{"line":118,"column":27}},"type":"binary-expr","locations":[{"start":{"line":118,"column":8},"end":{"line":118,"column":18}},{"start":{"line":118,"column":18},"end":{"line":118,"column":27}}],"line":118},"22":{"loc":{"start":{"line":125,"column":31},"end":{"line":125,"column":null}},"type":"binary-expr","locations":[{"start":{"line":125,"column":31},"end":{"line":125,"column":64}},{"start":{"line":125,"column":64},"end":{"line":125,"column":null}}],"line":125},"23":{"loc":{"start":{"line":134,"column":2},"end":{"line":140,"column":null}},"type":"if","locations":[{"start":{"line":134,"column":2},"end":{"line":140,"column":null}},{"start":{},"end":{}}],"line":134},"24":{"loc":{"start":{"line":136,"column":21},"end":{"line":138,"column":null}},"type":"cond-expr","locations":[{"start":{"line":137,"column":8},"end":{"line":137,"column":null}},{"start":{"line":138,"column":8},"end":{"line":138,"column":null}}],"line":136},"25":{"loc":{"start":{"line":146,"column":2},"end":{"line":149,"column":null}},"type":"if","locations":[{"start":{"line":146,"column":2},"end":{"line":149,"column":null}},{"start":{},"end":{}}],"line":146},"26":{"loc":{"start":{"line":151,"column":2},"end":{"line":160,"column":null}},"type":"if","locations":[{"start":{"line":151,"column":2},"end":{"line":160,"column":null}},{"start":{},"end":{}}],"line":151}},"s":{"0":9,"1":9,"2":9,"3":0,"4":9,"5":9,"6":0,"7":9,"8":0,"9":9,"10":9,"11":1,"12":8,"13":8,"14":8,"15":0,"16":8,"17":1,"18":7,"19":7,"20":9,"21":7,"22":9,"23":1,"24":1,"25":0,"26":1,"27":1,"28":1,"29":6,"30":1,"31":5,"32":1,"33":4,"34":0,"35":4,"36":1,"37":3,"38":0,"39":3,"40":3,"41":1,"42":1,"43":1,"44":1,"45":0,"46":0,"47":0,"48":2,"49":2,"50":0,"51":0,"52":2,"53":2,"54":9,"55":9,"56":2,"57":1,"58":1,"59":1,"60":1,"61":9,"62":1,"63":0,"64":1,"65":1,"66":1},"f":{"0":9},"b":{"0":[0,9],"1":[0,9],"2":[9,1],"3":[1,8],"4":[0,8],"5":[1,7],"6":[7,0],"7":[1,8],"8":[0,1],"9":[1,0],"10":[1,0],"11":[1,5],"12":[1,4],"13":[0,4],"14":[1,3],"15":[0,3],"16":[1,2],"17":[1,0],"18":[0,0],"19":[2,0],"20":[0,2],"21":[2,2],"22":[2,0],"23":[1,1],"24":[1,0],"25":[0,1],"26":[1,0]},"meta":{"lastBranch":27,"lastFunction":1,"lastStatement":67,"seen":{"f:9:22:9:28":0,"s:10:8:10:Infinity":0,"s:11:29:11:Infinity":1,"b:12:2:12:Infinity:undefined:undefined:undefined:undefined":0,"s:12:2:12:Infinity":2,"s:12:13:12:Infinity":3,"s:15:2:19:Infinity":4,"s:16:4:16:Infinity":5,"s:18:4:18:Infinity":6,"b:20:2:22:Infinity:undefined:undefined:undefined:undefined":1,"s:20:2:22:Infinity":7,"b:20:6:20:29:20:29:20:51":2,"s:21:4:21:Infinity":8,"s:24:28:25:Infinity":9,"b:26:2:26:Infinity:undefined:undefined:undefined:undefined":3,"s:26:2:26:Infinity":10,"s:26:16:26:Infinity":11,"s:28:8:28:Infinity":12,"s:29:27:31:Infinity":13,"b:32:2:32:Infinity:undefined:undefined:undefined:undefined":4,"s:32:2:32:Infinity":14,"s:32:15:32:Infinity":15,"b:33:2:35:Infinity:undefined:undefined:undefined:undefined":5,"s:33:2:35:Infinity":16,"s:34:4:34:Infinity":17,"s:37:19:37:Infinity":18,"s:38:22:38:Infinity":19,"s:39:35:40:Infinity":20,"s:41:22:41:Infinity":21,"b:41:22:41:54:41:54:41:Infinity":6,"b:44:2:61:Infinity:undefined:undefined:undefined:undefined":7,"s:44:2:61:Infinity":22,"s:45:30:47:Infinity":23,"b:48:4:48:Infinity:undefined:undefined:undefined:undefined":8,"s:48:4:48:Infinity":24,"s:48:18:48:Infinity":25,"b:50:4:59:Infinity:undefined:undefined:undefined:undefined":9,"s:50:4:59:Infinity":26,"s:51:6:58:Infinity":27,"b:55:32:55:98:55:98:55:Infinity":10,"s:60:4:60:Infinity":28,"b:65:2:67:Infinity:undefined:undefined:undefined:undefined":11,"s:65:2:67:Infinity":29,"s:66:4:66:Infinity":30,"b:68:2:70:Infinity:undefined:undefined:undefined:undefined":12,"s:68:2:70:Infinity":31,"s:69:4:69:Infinity":32,"b:71:2:73:Infinity:undefined:undefined:undefined:undefined":13,"s:71:2:73:Infinity":33,"s:72:4:72:Infinity":34,"b:76:2:81:Infinity:undefined:undefined:undefined:undefined":14,"s:76:2:81:Infinity":35,"s:77:4:80:Infinity":36,"b:82:2:87:Infinity:undefined:undefined:undefined:undefined":15,"s:82:2:87:Infinity":37,"s:83:4:86:Infinity":38,"s:92:32:94:Infinity":39,"b:96:2:123:Infinity:111:9:123:Infinity":16,"s:96:2:123:Infinity":40,"b:97:4:105:Infinity:undefined:undefined:undefined:undefined":17,"s:97:4:105:Infinity":41,"s:99:31:100:Infinity":42,"s:101:6:103:Infinity":43,"s:104:6:104:Infinity":44,"s:106:4:106:Infinity":45,"b:107:4:110:Infinity:undefined:undefined:undefined:undefined":18,"s:107:4:110:Infinity":46,"s:108:6:109:Infinity":47,"s:112:44:117:Infinity":48,"b:115:46:115:87:115:87:115:99":19,"b:118:4:121:Infinity:undefined:undefined:undefined:undefined":20,"s:118:4:121:Infinity":49,"b:118:8:118:18:118:18:118:27":21,"s:119:6:119:Infinity":50,"s:120:6:120:Infinity":51,"s:122:4:122:Infinity":52,"s:125:31:125:Infinity":53,"b:125:31:125:64:125:64:125:Infinity":22,"s:126:15:126:Infinity":54,"s:128:48:133:Infinity":55,"b:134:2:140:Infinity:undefined:undefined:undefined:undefined":23,"s:134:2:140:Infinity":56,"s:135:4:135:Infinity":57,"s:136:21:138:Infinity":58,"b:137:8:137:Infinity:138:8:138:Infinity":24,"s:139:4:139:Infinity":59,"s:141:20:141:Infinity":60,"s:143:34:145:Infinity":61,"b:146:2:149:Infinity:undefined:undefined:undefined:undefined":25,"s:146:2:149:Infinity":62,"s:148:4:148:Infinity":63,"b:151:2:160:Infinity:undefined:undefined:undefined:undefined":26,"s:151:2:160:Infinity":64,"s:152:4:159:Infinity":65,"s:162:2:162:Infinity":66},"fnNames":{}}}
,"/Users/grace/Desktop/collabr/app/api/reviews/route.ts": {"path":"/Users/grace/Desktop/collabr/app/api/reviews/route.ts","statementMap":{"0":{"start":{"line":5,"column":8},"end":{"line":5,"column":null}},"1":{"start":{"line":6,"column":29},"end":{"line":6,"column":null}},"2":{"start":{"line":7,"column":2},"end":{"line":7,"column":null}},"3":{"start":{"line":7,"column":13},"end":{"line":7,"column":null}},"4":{"start":{"line":9,"column":15},"end":{"line":9,"column":null}},"5":{"start":{"line":10,"column":28},"end":{"line":10,"column":null}},"6":{"start":{"line":11,"column":2},"end":{"line":13,"column":null}},"7":{"start":{"line":12,"column":4},"end":{"line":12,"column":null}},"8":{"start":{"line":14,"column":2},"end":{"line":16,"column":null}},"9":{"start":{"line":15,"column":4},"end":{"line":15,"column":null}},"10":{"start":{"line":18,"column":27},"end":{"line":21,"column":null}},"11":{"start":{"line":22,"column":2},"end":{"line":22,"column":null}},"12":{"start":{"line":22,"column":15},"end":{"line":22,"column":null}},"13":{"start":{"line":24,"column":18},"end":{"line":26,"column":null}},"14":{"start":{"line":27,"column":2},"end":{"line":27,"column":null}},"15":{"start":{"line":27,"column":16},"end":{"line":27,"column":null}},"16":{"start":{"line":28,"column":2},"end":{"line":30,"column":null}},"17":{"start":{"line":29,"column":4},"end":{"line":29,"column":null}},"18":{"start":{"line":32,"column":29},"end":{"line":36,"column":null}},"19":{"start":{"line":37,"column":2},"end":{"line":37,"column":null}},"20":{"start":{"line":37,"column":16},"end":{"line":37,"column":null}},"21":{"start":{"line":39,"column":26},"end":{"line":45,"column":null}},"22":{"start":{"line":47,"column":2},"end":{"line":47,"column":null}},"23":{"start":{"line":47,"column":31},"end":{"line":47,"column":null}},"24":{"start":{"line":48,"column":2},"end":{"line":48,"column":null}},"25":{"start":{"line":48,"column":13},"end":{"line":48,"column":null}},"26":{"start":{"line":49,"column":2},"end":{"line":49,"column":null}}},"fnMap":{"0":{"name":"POST","decl":{"start":{"line":4,"column":22},"end":{"line":4,"column":27}},"loc":{"start":{"line":4,"column":45},"end":{"line":50,"column":null}},"line":4}},"branchMap":{"0":{"loc":{"start":{"line":7,"column":2},"end":{"line":7,"column":null}},"type":"if","locations":[{"start":{"line":7,"column":2},"end":{"line":7,"column":null}},{"start":{},"end":{}}],"line":7},"1":{"loc":{"start":{"line":11,"column":2},"end":{"line":13,"column":null}},"type":"if","locations":[{"start":{"line":11,"column":2},"end":{"line":13,"column":null}},{"start":{},"end":{}}],"line":11},"2":{"loc":{"start":{"line":11,"column":37},"end":{"line":11,"column":56}},"type":"binary-expr","locations":[{"start":{"line":11,"column":37},"end":{"line":11,"column":54}},{"start":{"line":11,"column":54},"end":{"line":11,"column":56}}],"line":11},"3":{"loc":{"start":{"line":14,"column":2},"end":{"line":16,"column":null}},"type":"if","locations":[{"start":{"line":14,"column":2},"end":{"line":16,"column":null}},{"start":{},"end":{}}],"line":14},"4":{"loc":{"start":{"line":14,"column":6},"end":{"line":14,"column":95}},"type":"binary-expr","locations":[{"start":{"line":14,"column":6},"end":{"line":14,"column":25}},{"start":{"line":14,"column":25},"end":{"line":14,"column":59}},{"start":{"line":14,"column":59},"end":{"line":14,"column":78}},{"start":{"line":14,"column":78},"end":{"line":14,"column":95}}],"line":14},"5":{"loc":{"start":{"line":22,"column":2},"end":{"line":22,"column":null}},"type":"if","locations":[{"start":{"line":22,"column":2},"end":{"line":22,"column":null}},{"start":{},"end":{}}],"line":22},"6":{"loc":{"start":{"line":24,"column":18},"end":{"line":26,"column":null}},"type":"cond-expr","locations":[{"start":{"line":25,"column":7},"end":{"line":25,"column":null}},{"start":{"line":26,"column":7},"end":{"line":26,"column":null}}],"line":24},"7":{"loc":{"start":{"line":27,"column":2},"end":{"line":27,"column":null}},"type":"if","locations":[{"start":{"line":27,"column":2},"end":{"line":27,"column":null}},{"start":{},"end":{}}],"line":27},"8":{"loc":{"start":{"line":28,"column":2},"end":{"line":30,"column":null}},"type":"if","locations":[{"start":{"line":28,"column":2},"end":{"line":30,"column":null}},{"start":{},"end":{}}],"line":28},"9":{"loc":{"start":{"line":28,"column":6},"end":{"line":28,"column":102}},"type":"binary-expr","locations":[{"start":{"line":28,"column":6},"end":{"line":28,"column":39}},{"start":{"line":28,"column":39},"end":{"line":28,"column":102}}],"line":28},"10":{"loc":{"start":{"line":37,"column":2},"end":{"line":37,"column":null}},"type":"if","locations":[{"start":{"line":37,"column":2},"end":{"line":37,"column":null}},{"start":{},"end":{}}],"line":37},"11":{"loc":{"start":{"line":44,"column":10},"end":{"line":44,"column":null}},"type":"binary-expr","locations":[{"start":{"line":44,"column":10},"end":{"line":44,"column":23}},{"start":{"line":44,"column":23},"end":{"line":44,"column":null}}],"line":44},"12":{"loc":{"start":{"line":47,"column":2},"end":{"line":47,"column":null}},"type":"if","locations":[{"start":{"line":47,"column":2},"end":{"line":47,"column":null}},{"start":{},"end":{}}],"line":47},"13":{"loc":{"start":{"line":48,"column":2},"end":{"line":48,"column":null}},"type":"if","locations":[{"start":{"line":48,"column":2},"end":{"line":48,"column":null}},{"start":{},"end":{}}],"line":48}},"s":{"0":3,"1":3,"2":3,"3":0,"4":3,"
[...]
"locations":[{"start":{"line":50,"column":32},"end":{"line":50,"column":44}},{"start":{"line":50,"column":44},"end":{"line":50,"column":null}}],"line":50},"2":{"loc":{"start":{"line":50,"column":44},"end":{"line":50,"column":null}},"type":"cond-expr","locations":[{"start":{"line":50,"column":62},"end":{"line":50,"column":71}},{"start":{"line":50,"column":71},"end":{"line":50,"column":null}}],"line":50},"3":{"loc":{"start":{"line":65,"column":4},"end":{"line":65,"column":23}},"type":"default-arg","locations":[{"start":{"line":65,"column":20},"end":{"line":65,"column":23}}],"line":65},"4":{"loc":{"start":{"line":70,"column":26},"end":{"line":70,"column":null}},"type":"binary-expr","locations":[{"start":{"line":70,"column":26},"end":{"line":70,"column":54}},{"start":{"line":70,"column":54},"end":{"line":70,"column":null}}],"line":70},"5":{"loc":{"start":{"line":73,"column":2},"end":{"line":199,"column":null}},"type":"switch","locations":[{"start":{"line":74,"column":4},"end":{"line":96,"column":null}},{"start":{"line":98,"column":4},"end":{"line":108,"column":null}},{"start":{"line":110,"column":4},"end":{"line":120,"column":null}},{"start":{"line":122,"column":4},"end":{"line":132,"column":null}},{"start":{"line":134,"column":4},"end":{"line":144,"column":null}},{"start":{"line":146,"column":4},"end":{"line":154,"column":null}},{"start":{"line":156,"column":4},"end":{"line":166,"column":null}},{"start":{"line":168,"column":4},"end":{"line":176,"column":null}},{"start":{"line":178,"column":4},"end":{"line":188,"column":null}},{"start":{"line":190,"column":4},"end":{"line":198,"column":null}}],"line":73},"6":{"loc":{"start":{"line":75,"column":6},"end":{"line":86,"column":null}},"type":"if","locations":[{"start":{"line":75,"column":6},"end":{"line":86,"column":null}},{"start":{},"end":{}}],"line":75},"7":{"loc":{"start":{"line":79,"column":16},"end":{"line":81,"column":null}},"type":"cond-expr","locations":[{"start":{"line":80,"column":14},"end":{"line":80,"column":null}},{"start":{"line":81,"column":14},"end":{"line":81,"column":null}}],"line":79},"8":{"loc":{"start":{"line":90,"column":14},"end":{"line":92,"column":null}},"type":"cond-expr","locations":[{"start":{"line":91,"column":12},"end":{"line":91,"column":null}},{"start":{"line":92,"column":12},"end":{"line":92,"column":null}}],"line":90},"9":{"loc":{"start":{"line":102,"column":14},"end":{"line":104,"column":null}},"type":"cond-expr","locations":[{"start":{"line":103,"column":12},"end":{"line":103,"column":null}},{"start":{"line":104,"column":12},"end":{"line":104,"column":null}}],"line":102},"10":{"loc":{"start":{"line":106,"column":18},"end":{"line":106,"column":null}},"type":"binary-expr","locations":[{"start":{"line":106,"column":18},"end":{"line":106,"column":40}},{"start":{"line":106,"column":40},"end":{"line":106,"column":null}}],"line":106},"11":{"loc":{"start":{"line":114,"column":14},"end":{"line":116,"column":null}},"type":"cond-expr","locations":[{"start":{"line":115,"column":12},"end":{"line":115,"column":null}},{"start":{"line":116,"column":12},"end":{"line":116,"column":null}}],"line":114},"12":{"loc":{"start":{"line":115,"column":72},"end":{"line":115,"column":103}},"type":"cond-expr","locations":[{"start":{"line":115,"column":94},"end":{"line":115,"column":99}},{"start":{"line":115,"column":99},"end":{"line":115,"column":103}}],"line":115},"13":{"loc":{"start":{"line":116,"column":84},"end":{"line":116,"column":115}},"type":"cond-expr","locations":[{"start":{"line":116,"column":106},"end":{"line":116,"column":111}},{"start":{"line":116,"column":111},"end":{"line":116,"column":115}}],"line":116},"14":{"loc":{"start":{"line":126,"column":14},"end":{"line":128,"column":null}},"type":"cond-expr","locations":[{"start":{"line":127,"column":12},"end":{"line":127,"column":null}},{"start":{"line":128,"column":12},"end":{"line":128,"column":null}}],"line":126},"15":{"loc":{"start":{"line":138,"column":14},"end":{"line":140,"column":null}},"type":"cond-expr","locations":[{"start":{"line":139,"column":12},"end":{"line":139,"column":null}},{"start":{"line":140,"column":12},"end":{"line":140,"column":null}}],"line":138},"16":{"loc":{"start":{"line":142,"column":18},"end":{"line":142,"column":null}},"type":"binary-expr","locations":[{"start":{"line":142,"column":18},"end":{"line":142,"column":39}},{"start":{"line":142,"column":39},"end":{"line":142,"column":null}}],"line":142},"17":{"loc":{"start":{"line":158,"column":26},"end":{"line":158,"column":65}},"type":"cond-expr","locations":[{"start":{"line":158,"column":33},"end":{"line":158,"column":47}},{"start":{"line":158,"column":47},"end":{"line":158,"column":65}}],"line":158},"18":{"loc":{"start":{"line":159,"column":18},"end":{"line":161,"column":null}},"type":"cond-expr","locations":[{"start":{"line":160,"column":12},"end":{"line":160,"column":null}},{"start":{"line":161,"column":12},"end":{"line":161,"column":null}}],"line":159},"19":{"loc":{"start":{"line":170,"column":26},"end":{"line":170,"column":58}},"type":"cond-expr","locations":[{"start":{"line":170,"column":35},"end":{"line":170,"column":46}},{"start":{"line":170,"column":46},"end":{"line":170,"column":58}}],"line":170},"20":{"loc":{"start":{"line":182,"column":14},"end":{"line":184,"column":null}},"type":"cond-expr","locations":[{"start":{"line":183,"column":12},"end":{"line":183,"column":null}},{"start":{"line":184,"column":12},"end":{"line":184,"column":null}}],"line":182},"21":{"loc":{"start":{"line":207,"column":2},"end":{"line":207,"column":null}},"type":"if","locations":[{"start":{"line":207,"column":2},"end":{"line":207,"column":null}},{"start":{},"end":{}}],"line":207},"22":{"loc":{"start":{"line":208,"column":2},"end":{"line":208,"column":null}},"type":"if","locations":[{"start":{"line":208,"column":2},"end":{"line":208,"column":null}},{"start":{},"end":{}}],"line":208},"23":{"loc":{"start":{"line":210,"column":9},"end":{"line":212,"column":null}},"type":"cond-expr","locations":[{"start":{"line":211,"column":6},"end":{"line":211,"column":null}},{"start":{"line":212,"column":6},"end":{"line":212,"column":null}}],"line":210}},"s":{"0":1,"1":10,"2":90,"3":10,"4":39,"5":10,"6":82,"7":10,"8":10,"9":10,"10":10,"11":10,"12":10,"13":10,"14":3,"15":2,"16":1,"17":1,"18":2,"19":0,"20":1,"21":0,"22":1,"23":2,"24":0,"25":0,"26":4,"27":0,"28":4,"29":2,"30":2,"31":2,"32":0},"f":{"0":10,"1":90,"2":39,"3":82,"4":10,"5":4,"6":0},"b":{"0":[90,72],"1":[7,75],"2":[39,36],"3":[10],"4":[10,8],"5":[3,1,2,0,1,0,1,2,0,0],"6":[2,1],"7":[0,2],"8":[0,1],"9":[0,1],"10":[1,0],"11":[0,2],"12":[0,0],"13":[1,1],"14":[0,0],"15":[0,1],"16":[1,0],"17":[1,0],"18":[1,0],"19":[2,0],"20":[0,0],"21":[0,4],"22":[2,2],"23":[1,1]},"meta":{"lastBranch":24,"lastFunction":7,"lastStatement":33,"seen":{"s:28:20:38:Infinity":0,"f:40:9:40:Infinity":0,"s:45:15:45:Infinity":1,"f:45:27:45:35":1,"s:45:43:45:78":2,"b:45:43:45:62:45:62:45:78":0,"s:46:21:46:Infinity":3,"f:46:26:46:37":2,"s:46:45:46:61":4,"s:47:2:51:Infinity":5,"f:47:14:47:19":3,"s:47:40:51:4":6,"b:50:32:50:44:50:44:50:Infinity":1,"b:50:62:50:71:50:71:50:Infinity":2,"f:54:16:54:31":4,"s:66:6:66:Infinity":7,"b:65:20:65:23":3,"s:67:15:67:Infinity":8,"s:68:17:68:Infinity":9,"s:69:24:69:Infinity":10,"s:70:26:70:Infinity":11,"b:70:26:70:54:70:54:70:Infinity":4,"s:71:16:71:Infinity":12,"b:74:4:96:Infinity:98:4:108:Infinity:110:4:120:Infinity:122:4:132:Infinity:134:4:144:Infinity:146:4:154:Infinity:156:4:166:Infinity:168:4:176:Infinity:178:4:188:Infinity:190:4:198:Infinity":5,"s:73:2:199:Infinity":13,"b:75:6:86:Infinity:undefined:undefined:undefined:undefined":6,"s:75:6:86:Infinity":14,"s:76:8:85:Infinity":15,"b:80:14:80:Infinity:81:14:81:Infinity":7,"s:87:6:96:Infinity":16,"b:91:12:91:Infinity:92:12:92:Infinity":8,"s:99:6:108:Infinity":17,"b:103:12:103:Infinity:104:12:104:Infinity":9,"b:106:18:106:40:106:40:106:Infinity":10,"s:111:6:120:Infinity":18,"b:115:12:115:Infinity:116:12:116:Infinity":11,"b:115:94:115:99:115:99:115:103":12,"b:116:106:116:111:116:111:116:115":13,"s:123:6:132:Infinity":19,"b:127:12:127:Infinity:128:12:128:Infinity":14,"s:135:6:144:Infinity":20,"b:139:12:139:Infinity:140:12:140:Infinity":15,"b:142:18:142:39:142:39:142:Infinity":16,"s:147:6:154:Infinity":21,"s:157:6:166:Infinity":22,"b:158:33:158:47:158:47:158:65":17,"b:160:12:160:Infinity:161:12:161:Infinity":18,"s:169:6:176:Infinity":23,"b:170:35:170:46:170:46:170:58":19,"s:179:6:188:Infinity":24,"b:183:12:183:Infinity:184:12:184:Infinity":20,"s:191:6:198:Infinity":25,"f:203:16:203:27":5,"b:207:2:207:Infinity:undefined:undefined:undefined:undefined":21,"s:207:2:207:Infinity":26,"s:207:29:207:Infinity":27,"b:208:2:208:Infinity:undefined:undefined:undefined:undefined":22,"s:208:2:208:Infinity":28,"s:208:33:208:Infinity":29,"s:209:20:209:Infinity":30,"s:210:2:212:Infinity":31,"b:211:6:211:Infinity:212:6:212:Infinity":23,"f:216:16:216:31":6,"s:217:2:220:Infinity":32},"fnNames":{}}}
,"/Users/grace/Desktop/collabr/lib/supabase/server.ts": {"path":"/Users/grace/Desktop/collabr/lib/supabase/server.ts","statementMap":{"0":{"start":{"line":5,"column":8},"end":{"line":5,"column":null}},"1":{"start":{"line":6,"column":2},"end":{"line":21,"column":null}},"2":{"start":{"line":11,"column":19},"end":{"line":11,"column":47}},"3":{"start":{"line":13,"column":10},"end":{"line":17,"column":null}},"4":{"start":{"line":14,"column":12},"end":{"line":16,"column":null}},"5":{"start":{"line":15,"column":14},"end":{"line":15,"column":null}},"6":{"start":{"line":25,"column":2},"end":{"line":29,"column":null}},"7":{"start":{"line":28,"column":31},"end":{"line":28,"column":35}}},"fnMap":{"0":{"name":"createClient","decl":{"start":{"line":4,"column":16},"end":{"line":4,"column":31}},"loc":{"start":{"line":4,"column":31},"end":{"line":22,"column":null}},"line":4},"1":{"name":"getAll","decl":{"start":{"line":11,"column":8},"end":{"line":11,"column":17}},"loc":{"start":{"line":11,"column":17},"end":{"line":11,"column":null}},"line":11},"2":{"name":"setAll","decl":{"start":{"line":12,"column":8},"end":{"line":12,"column":15}},"loc":{"start":{"line":12,"column":99},"end":{"line":18,"column":null}},"line":12},"3":{"name":"(anonymous_3)","decl":{"start":{"line":14,"column":25},"end":{"line":14,"column":34}},"loc":{"start":{"line":15,"column":14},"end":{"line":15,"column":null}},"line":15},"4":{"name":"createAdminClient","decl":{"start":{"line":24,"column":16},"end":{"line":24,"column":36}},"loc":{"start":{"line":24,"column":36},"end":{"line":30,"column":null}},"line":24},"5":{"name":"(anonymous_5)","decl":{"start":{"line":28,"column":17},"end":{"line":28,"column":31}},"loc":{"start":{"line":28,"column":31},"end":{"line":28,"column":35}},"line":28},"6":{"name":"(anonymous_6)","decl":{"start":{"line":28,"column":35},"end":{"line":28,"column":49}},"loc":{"start":{"line":28,"column":49},"end":{"line":28,"column":52}},"line":28}},"branchMap":{},"s":{"0":0,"1":0,"2":0,"3":0,"4":0,"5":0,"6":0,"7":0},"f":{"0":0,"1":0,"2":0,"3":0,"4":0,"5":0,"6":0},"b":{},"meta":{"lastBranch":0,"lastFunction":7,"lastStatement":8,"seen":{"f:4:16:4:31":0,"s:5:8:5:Infinity":0,"s:6:2:21:Infinity":1,"f:11:8:11:17":1,"s:11:19:11:47":2,"f:12:8:12:15":2,"s:13:10:17:Infinity":3,"s:14:12:16:Infinity":4,"f:14:25:14:34":3,"s:15:14:15:Infinity":5,"f:24:16:24:36":4,"s:25:2:29:Infinity":6,"f:28:17:28:31":5,"s:28:31:28:35":7,"f:28:35:28:49":6},"fnNames":{}}}
,"/Users/grace/Desktop/collabr/tests/helpers/supabase-stub.ts": {"path":"/Users/grace/Desktop/collabr/tests/helpers/supabase-stub.ts","statementMap":{"0":{"start":{"line":27,"column":22},"end":{"line":31,"column":null}},"1":{"start":{"line":34,"column":27},"end":{"line":34,"column":null}},"2":{"start":{"line":35,"column":47},"end":{"line":35,"column":null}},"3":{"start":{"line":36,"column":2},"end":{"line":38,"column":null}},"4":{"start":{"line":37,"column":4},"end":{"line":37,"column":null}},"5":{"start":{"line":41,"column":18},"end":{"line":41,"column":null}},"6":{"start":{"line":42,"column":4},"end":{"line":42,"column":null}},"7":{"start":{"line":42,"column":35},"end":{"line":42,"column":null}},"8":{"start":{"line":43,"column":4},"end":{"line":43,"column":null}},"9":{"start":{"line":47,"column":43},"end":{"line":63,"column":null}},"10":{"start":{"line":49,"column":8},"end":{"line":49,"column":null}},"11":{"start":{"line":50,"column":8},"end":{"line":50,"column":null}},"12":{"start":{"line":53,"column":8},"end":{"line":53,"column":null}},"13":{"start":{"line":54,"column":8},"end":{"line":54,"column":null}},"14":{"start":{"line":57,"column":8},"end":{"line":57,"column":null}},"15":{"start":{"line":58,"column":8},"end":{"line":58,"column":null}},"16":{"start":{"line":61,"column":8},"end":{"line":61,"column":null}},"17":{"start":{"line":64,"column":4},"end":{"line":66,"column":null}},"18":{"start":{"line":65,"column":6},"end":{"line":65,"column":null}},"19":{"start":{"line":65,"column":28},"end":{"line":65,"column":null}},"20":{"start":{"line":67,"column":4},"end":{"line":67,"column":null}},"21":{"start":{"line":70,"column":17},"end":{"line":84,"column":null}},"22":{"start":{"line":72,"column":28},"end":{"line":72,"column":null}},"23":{"start":{"line":76,"column":6},"end":{"line":76,"column":null}},"24":{"start":{"line":77,"column":21},"end":{"line":77,"column":null}},"25":{"start":{"line":78,"column":22},"end":{"line":78,"column":null}},"26":{"start":{"line":81,"column":6},"end":{"line":81,"column":null}},"27":{"start":{"line":81,"column":29},"end":{"line":81,"column":null}},"28":{"start":{"line":82,"column":6},"end":{"line":82,"column":null}},"29":{"start":{"line":86,"column":2},"end":{"line":86,"column":null}},"30":{"start":{"line":91,"column":2},"end":{"line":91,"column":null}},"31":{"start":{"line":96,"column":2},"end":{"line":96,"column":null}},"32":{"start":{"line":100,"column":2},"end":{"line":104,"column":null}}},"fnMap":{"0":{"name":"makeSupabaseStub","decl":{"start":{"line":33,"column":16},"end":{"line":33,"column":33}},"loc":{"start":{"line":33,"column":53},"end":{"line":87,"column":null}},"line":33},"1":{"name":"nextResult","decl":{"start":{"line":40,"column":11},"end":{"line":40,"column":22}},"loc":{"start":{"line":40,"column":49},"end":{"line":44,"column":null}},"line":40},"2":{"name":"from","decl":{"start":{"line":46,"column":11},"end":{"line":46,"column":16}},"loc":{"start":{"line":46,"column":31},"end":{"line":68,"column":null}},"line":46},"3":{"name":"insert","decl":{"start":{"line":48,"column":6},"end":{"line":48,"column":13}},"loc":{"start":{"line":48,"column":31},"end":{"line":51,"column":null}},"line":48},"4":{"name":"update","decl":{"start":{"line":52,"column":6},"end":{"line":52,"column":13}},"loc":{"start":{"line":52,"column":31},"end":{"line":55,"column":null}},"line":52},"5":{"name":"delete","decl":{"start":{"line":56,"column":6},"end":{"line":56,"column":15}},"loc":{"start":{"line":56,"column":15},"end":{"line":59,"column":null}},"line":56},"6":{"name":"then","decl":{"start":{"line":60,"column":6},"end":{"line":60,"column":11}},"loc":{"start":{"line":60,"column":82},"end":{"line":62,"column":null}},"line":60},"7":{"name":"(anonymous_7)","decl":{"start":{"line":65,"column":12},"end":{"line":65,"column":28}},"loc":{"start":{"line":65,"column":28},"end":{"line":65,"column":null}},"line":65},"8":{"name":"(anonymous_8)","decl":{"start":{"line":72,"column":15},"end":{"line":72,"column":28}},"loc":{"start":{"line":72,"column":28},"end":{"line":72,"column":null}},"line":72},"9":{"name":"rpc","decl":{"start":{"line":75,"column":4},"end":{"line":75,"column":8}},"loc":{"start":{"line":75,"column":37},"end":{"line":83,"column":null}},"line":75},"10":{"name":"(anonymous_10)","decl":{"start":{"line":81,"column":14},"end":{"line":81,"column":29}},"loc":{"start":{"line":81,"column":29},"end":{"line":81,"column":null}},"line":81},"11":{"name":"verifiedUser","decl":{"start":{"line":90,"column":16},"end":{"line":90,"column":29}},"loc":{"start":{"line":90,"column":44},"end":{"line":92,"column":null}},"line":90},"12":{"name":"unverifiedUser","decl":{"start":{"line":95,"column":16},"end":{"line":95,"column":31}},"loc":{"start":{"line":95,"column":46},"end":{"line":97,"column":null}},"line":95},"13":{"name":"jsonRequest","decl":{"start":{"line":99,"column":16},"end":{"line":99,"column":28}},"loc":{"start":{"line":99,"column":60},"end":{"line":105,"column":null}},"line":99}},"branchMap":{"0":{"loc":{"start":{"line":36,"column":48},"end":{"line":36,"column":67}},"type":"binary-expr","locations":[{"start":{"line":36,"column":48},"end":{"line":36,"column":65}},{"start":{"line":36,"column":65},"end":{"line":36,"column":67}}],"line":36},"1":{"loc":{"start":{"line":42,"column":4},"end":{"line":42,"column":null}},"type":"if","locations":[{"start":{"line":42,"column":4},"end":{"line":42,"column":null}},{"start":{},"end":{}}],"line":42},"2":{"loc":{"start":{"line":42,"column":8},"end":{"line":42,"column":35}},"type":"binary-expr","locations":[{"start":{"line":42,"column":8},"end":{"line":42,"column":17}},{"start":{"line":42,"column":17},"end":{"line":42,"column":35}}],"line":42},"3":{"loc":{"start":{"line":72,"column":44},"end":{"line":72,"column":64}},"type":"binary-expr","locations":[{"start":{"line":72,"column":44},"end":{"line":72,"column":59}},{"start":{"line":72,"column":59},"end":{"line":72,"column":64}}],"line":72},"4":{"loc":{"start":{"line":77,"column":21},"end":{"line":77,"column":null}},"type":"binary-expr","locations":[{"start":{"line":77,"column":21},"end":{"line":77,"column":44}},{"start":{"line":77,"column":44},"end":{"line":77,"column":null}}],"line":77},"5":{"loc":{"start":{"line":90,"column":29},"end":{"line":90,"column":44}},"type":"default-arg","locations":[{"start":{"line":90,"column":34},"end":{"line":90,"column":44}}],"line":90},"6":{"loc":{"start":{"line":95,"column":31},"end":{"line":95,"column":46}},"type":"default-arg","locations":[{"start":{"line":95,"column":36},"end":{"line":95,"column":46}}],"line":95},"7":{"loc":{"start":{"line":103,"column":10},"end":{"line":103,"column":null}},"type":"cond-expr","locations":[{"start":{"line":103,"column":31},"end":{"line":103,"column":43}},{"start":{"line":103,"column":43},"end":{"line":103,"column":null}}],"line":103}},"s":{"0":3,"1":41,"2":41,"3":41,"4":73,"5":83,"6":83,"7":80,"8":3,"9":83,"10":7,"11":7,"12":4,"13":4,"14":0,"15":0,"16":83,"17":83,"18":1577,"19":246,"20":83,"21":41,"22":41,"23":4,"24":4,"25":4,"26":4,"27":3,"28":4,"29":41,"30":37,"31":2,"32":41},"f":{"0":41,"1":83,"2":83,"3":7,"4":4,"5":0,"6":83,"7":246,"8":41,"9":4,"10":3,"11":37,"12":2,"13":41},"b":{"0":[41,3],"1":[80,3],"2":[83,80],"3":[41,2],"4":[4,0],"5":[37],"6":[2],"7":[6,35]},"meta":{"lastBranch":8,"lastFunction":14,"lastStatement":33,"seen":{"s:27:22:31:Infinity":0,"f:33:16:33:33":0,"s:34:27:34:Infinity":1,"s:35:47:35:Infinity":2,"s:36:2:38:Infinity":3,"b:36:48:36:65:36:65:36:67":0,"s:37:4:37:Infinity":4,"f:40:11:40:22":1,"s:41:18:41:Infinity":5,"b:42:4:42:Infinity:undefined:undefined:undefined:undefined":1,"s:42:4:42:Infinity":6,"b:42:8:42:17:42:17:42:35":2,"s:42:35:42:Infinity":7,"s:43:4:43:Infinity":8,"f:46:11:46:16":2,"s:47:43:63:Infinity":9,"f:48:6:48:13":3,"s:49:8:49:Infinity":10,"s:50:8:50:Infinity":11,"f:52:6:52:13":4,"s:53:8:53:Infinity":12,"s:54:8:54:Infinity":13,"f:56:6:56:15":5,"s:57:8:57:Infinity":14,"s:58:8:58:Infinity":15,"f:60:6:60:11":6,"s:61:8:61:Infinity":16,"s:64:4:66:Infinity":17,"s:65:6:65:Infinity":18,"f:65:12:65:28":7,"s:65:28:65:Infinity":19,"s:67:4:67:Infinity":20,"s:70:17:84:Infinity":21,"f:72:15:72:28":8,"s:72:28:72:Infinity":22,"b:72:44:72:59:72:59:72:64":3,"f:75:4:75:8":9,"s:76:6:76:Infinity":23,"s:77:21:77:Infinity":24,"b:77:21:77:44:77:44:77:Infinity":4,"s:78:22:78:Infinity":25,"s:81:6:81:Infinity":26,"f:81:14:81:29":10,"s:81:29:81:Infinity":27,"s:82:6:82:Infinity":28,"s:86:2:86:Infinity":29,"f:90:16:90:29":11,"b:90:34:90:44":5,"s:91:2:91:Infinity":30,"f:95:16:95:31":12,"b:95:36:95:46":6,"s:96:2:96:Infinity":31,"f:99:16:99:28":13,"s:100:2:104:Infinity":32,"b:103:31:103:43:103:43:103:Infinity":7},"fnNames":{}}}
}
